Scenario - oddball3
Logfile written - 05/26/2016 09:28:48

Subject	Trial	Event Type	Code	Time	TTime	Uncertainty	Duration	Uncertainty	ReqTime	ReqDur	Stim Type	Pair Index

PPN16-26MEI-OEFEN	1	Sound	10	505850	0	2			0		other	0
PPN16-26MEI-OEFEN	2	Sound	6	570170	0	2			0		other	0
PPN16-26MEI-OEFEN	3	Sound	10	724519	0	2			0		other	0
PPN16-26MEI-OEFEN	5	Sound	6	747898	0	2			0		other	0
PPN16-26MEI-OEFEN	7	Sound	10	771297	0	2			0		other	0
PPN16-26MEI-OEFEN	9	Sound	10	794696	0	2			0		other	0
PPN16-26MEI-OEFEN	11	Sound	10	818095	0	2			0		other	0
PPN16-26MEI-OEFEN	13	Sound	10	841495	0	2			0		other	0
PPN16-26MEI-OEFEN	15	Sound	10	864895	0	2			0		other	0
PPN16-26MEI-OEFEN	17	Sound	10	888294	0	2			0		other	0
PPN16-26MEI-OEFEN	19	Sound	10	911594	0	2			0		other	0
PPN16-26MEI-OEFEN	21	Sound	10	934994	0	2			0		other	0
PPN16-26MEI-OEFEN	23	Sound	10	958393	0	2			0		other	0
PPN16-26MEI-OEFEN	25	Sound	10	981793	0	2			0		other	0
PPN16-26MEI-OEFEN	27	Sound	10	1005193	0	2			0		other	0
PPN16-26MEI-OEFEN	29	Sound	28	1028592	0	2			0		other	0
PPN16-26MEI-OEFEN	31	Sound	10	1052592	0	2			0		other	0
PPN16-26MEI-OEFEN	33	Sound	10	1075991	0	2			0		other	0
PPN16-26MEI-OEFEN	35	Sound	10	1099391	0	2			0		other	0
PPN16-26MEI-OEFEN	37	Sound	10	1122791	0	2			0		other	0
PPN16-26MEI-OEFEN	39	Sound	10	1146190	0	2			0		other	0
PPN16-26MEI-OEFEN	41	Sound	10	1169590	0	2			0		other	0
PPN16-26MEI-OEFEN	43	Sound	10	1192989	0	2			0		other	0
PPN16-26MEI-OEFEN	45	Sound	6	1216389	0	2			0		other	0
PPN16-26MEI-OEFEN	47	Sound	10	1239789	0	2			0		other	0
PPN16-26MEI-OEFEN	49	Sound	10	1263189	0	2			0		other	0
PPN16-26MEI-OEFEN	51	Sound	10	1286588	0	2			0		other	0
PPN16-26MEI-OEFEN	53	Sound	10	1309988	0	2			0		other	0
PPN16-26MEI-OEFEN	55	Sound	10	1333386	0	2			0		other	0
PPN16-26MEI-OEFEN	57	Sound	10	1356787	0	2			0		other	0
PPN16-26MEI-OEFEN	59	Sound	6	1380186	0	2			0		other	0
PPN16-26MEI-OEFEN	61	Sound	10	1403586	0	2			0		other	0
PPN16-26MEI-OEFEN	63	Sound	10	1426986	0	2			0		other	0
PPN16-26MEI-OEFEN	65	Sound	10	1450386	0	2			0		other	0
PPN16-26MEI-OEFEN	67	Sound	10	1473785	0	2			0		other	0
PPN16-26MEI-OEFEN	69	Sound	10	1497184	0	2			0		other	0
PPN16-26MEI-OEFEN	71	Sound	18	1520584	0	2			0		other	0
PPN16-26MEI-OEFEN	73	Sound	10	1543883	0	2			0		other	0
PPN16-26MEI-OEFEN	75	Sound	10	1567283	0	2			0		other	0
PPN16-26MEI-OEFEN	77	Sound	10	1590683	0	2			0		other	0
PPN16-26MEI-OEFEN	79	Sound	6	1614083	0	2			0		other	0
PPN16-26MEI-OEFEN	81	Sound	10	1637483	0	2			0		other	0


Event Type	Code	Type	Response	RT	RT Uncertainty	Time	Uncertainty	Duration	Uncertainty	ReqTime	ReqDur

Sound	10	other				505850	2			0
Sound	6	other				570170	2			0
Sound	10	other				724519	2			0
Sound	6	other				747898	2			0
Sound	10	other				771297	2			0
Sound	10	other				794696	2			0
Sound	10	other				818095	2			0
Sound	10	other				841495	2			0
Sound	10	other				864895	2			0
Sound	10	other				888294	2			0
Sound	10	other				911594	2			0
Sound	10	other				934994	2			0
Sound	10	other				958393	2			0
Sound	10	other				981793	2			0
Sound	10	other				1005193	2			0
Sound	28	other				1028592	2			0
Sound	10	other				1052592	2			0
Sound	10	other				1075991	2			0
Sound	10	other				1099391	2			0
Sound	10	other				1122791	2			0
Sound	10	other				1146190	2			0
Sound	10	other				1169590	2			0
Sound	10	other				1192989	2			0
Sound	6	other				1216389	2			0
Sound	10	other				1239789	2			0
Sound	10	other				1263189	2			0
Sound	10	other				1286588	2			0
Sound	10	other				1309988	2			0
Sound	10	other				1333386	2			0
Sound	10	other				1356787	2			0
Sound	6	other				1380186	2			0
Sound	10	other				1403586	2			0
Sound	10	other				1426986	2			0
Sound	10	other				1450386	2			0
Sound	10	other				1473785	2			0
Sound	10	other				1497184	2			0
Sound	18	other				1520584	2			0
Sound	10	other				1543883	2			0
Sound	10	other				1567283	2			0
Sound	10	other				1590683	2			0
Sound	6	other				1614083	2			0
Sound	10	other				1637483	2			0
