Scenario - oddball3
Logfile written - 05/10/2016 16:39:45

Subject	Trial	Event Type	Code	Time	TTime	Uncertainty	Duration	Uncertainty	ReqTime	ReqDur	Stim Type	Pair Index

10meiPPN1D2	1	Sound	24	169810	0	2			0		other	0
10meiPPN1D2	3	Sound	24	193210	0	2			0		other	0
10meiPPN1D2	5	Sound	26	216609	0	2			0		other	0
10meiPPN1D2	6	Response	1	221506	1498	1
10meiPPN1D2	7	Sound	24	240017	0	2			0		other	0
10meiPPN1D2	9	Sound	24	263408	0	2			0		other	0
10meiPPN1D2	11	Sound	24	286807	0	2			0		other	0
10meiPPN1D2	13	Sound	28	310207	0	2			0		other	0
10meiPPN1D2	15	Sound	24	333707	0	2			0		other	0
10meiPPN1D2	17	Sound	24	357106	0	2			0		other	0
10meiPPN1D2	19	Sound	24	380506	0	2			0		other	0
10meiPPN1D2	21	Sound	24	403906	0	2			0		other	0
10meiPPN1D2	23	Sound	24	427305	0	2			0		other	0
10meiPPN1D2	25	Sound	24	450704	0	2			0		other	0
10meiPPN1D2	27	Sound	24	474104	0	2			0		other	0
10meiPPN1D2	29	Sound	24	497504	0	2			0		other	0
10meiPPN1D2	31	Sound	24	520904	0	2			0		other	0
10meiPPN1D2	33	Sound	24	544303	0	2			0		other	0
10meiPPN1D2	35	Sound	24	567704	0	2			0		other	0
10meiPPN1D2	37	Sound	28	591103	0	2			0		other	0
10meiPPN1D2	39	Sound	24	615002	0	2			0		other	0
10meiPPN1D2	41	Sound	28	638401	0	2			0		other	0
10meiPPN1D2	43	Sound	24	662401	0	2			0		other	0
10meiPPN1D2	45	Sound	24	685801	0	2			0		other	0
10meiPPN1D2	47	Sound	24	709201	0	2			0		other	0
10meiPPN1D2	49	Sound	24	732601	0	2			0		other	0
10meiPPN1D2	51	Sound	24	756000	0	2			0		other	0
10meiPPN1D2	53	Sound	24	779400	0	2			0		other	0
10meiPPN1D2	55	Sound	24	802799	0	2			0		other	0
10meiPPN1D2	57	Sound	24	826198	0	2			0		other	0
10meiPPN1D2	59	Sound	24	849499	0	2			0		other	0
10meiPPN1D2	61	Sound	24	872898	0	2			0		other	0
10meiPPN1D2	63	Sound	24	896298	0	2			0		other	0
10meiPPN1D2	65	Sound	24	919698	0	2			0		other	0
10meiPPN1D2	67	Sound	24	943097	0	2			0		other	0
10meiPPN1D2	69	Sound	24	966496	0	2			0		other	0
10meiPPN1D2	71	Sound	24	989895	0	2			0		other	0
10meiPPN1D2	73	Sound	24	1013296	0	2			0		other	0
10meiPPN1D2	75	Sound	24	1036696	0	2			0		other	0
10meiPPN1D2	77	Sound	26	1060096	0	2			0		other	0
10meiPPN1D2	78	Response	1	1064632	1137	1
10meiPPN1D2	79	Sound	24	1083505	0	2			0		other	0
10meiPPN1D2	81	Sound	24	1106895	0	2			0		other	0
10meiPPN1D2	83	Sound	24	1130294	0	2			0		other	0
10meiPPN1D2	85	Sound	24	1153694	0	2			0		other	0
10meiPPN1D2	87	Sound	24	1177093	0	2			0		other	0
10meiPPN1D2	89	Sound	24	1200494	0	2			0		other	0
10meiPPN1D2	91	Sound	24	1223893	0	2			0		other	0
10meiPPN1D2	93	Sound	28	1247293	0	2			0		other	0
10meiPPN1D2	95	Sound	24	1270893	0	2			0		other	0
10meiPPN1D2	97	Sound	26	1294291	0	2			0		other	0
10meiPPN1D2	98	Response	1	1299667	1976	1
10meiPPN1D2	99	Sound	24	1317700	0	2			0		other	0
10meiPPN1D2	101	Sound	28	1341090	0	2			0		other	0
10meiPPN1D2	103	Sound	24	1363691	0	2			0		other	0
10meiPPN1D2	105	Sound	26	1387091	0	2			0		other	0
10meiPPN1D2	106	Response	1	1392898	2407	1
10meiPPN1D2	106	Response	1	1410491	20000	16
10meiPPN1D2	107	Sound	24	1410507	0	1			0		other	0
10meiPPN1D2	109	Sound	24	1433899	0	2			0		other	0
10meiPPN1D2	111	Sound	24	1457290	0	2			0		other	0
10meiPPN1D2	113	Sound	24	1480688	0	2			0		other	0
10meiPPN1D2	115	Sound	24	1504088	0	2			0		other	0
10meiPPN1D2	117	Sound	24	1527487	0	2			0		other	0
10meiPPN1D2	119	Sound	24	1550788	0	2			0		other	0
10meiPPN1D2	121	Sound	28	1574188	0	2			0		other	0
10meiPPN1D2	123	Sound	24	1598288	0	2			0		other	0
10meiPPN1D2	125	Sound	24	1621687	0	2			0		other	0
10meiPPN1D2	127	Sound	24	1645086	0	2			0		other	0
10meiPPN1D2	129	Sound	24	1668486	0	2			0		other	0
10meiPPN1D2	131	Sound	24	1691885	0	2			0		other	0
10meiPPN1D2	133	Sound	24	1715285	0	2			0		other	0
10meiPPN1D2	135	Sound	24	1738685	0	2			0		other	0
10meiPPN1D2	137	Sound	24	1762085	0	2			0		other	0
10meiPPN1D2	139	Sound	24	1785484	0	2			0		other	0
10meiPPN1D2	141	Sound	26	1808884	0	2			0		other	0
10meiPPN1D2	142	Response	1	1813876	1593	1
10meiPPN1D2	143	Sound	24	1832294	0	1			0		other	0
10meiPPN1D2	145	Sound	26	1855683	0	2			0		other	0
10meiPPN1D2	146	Response	1	1860969	1887	1
10meiPPN1D2	147	Sound	24	1879091	0	2			0		other	0
10meiPPN1D2	149	Sound	28	1902483	0	2			0		other	0
10meiPPN1D2	151	Sound	24	1926482	0	2			0		other	0
10meiPPN1D2	153	Sound	24	1949881	0	2			0		other	0
10meiPPN1D2	155	Sound	24	1973282	0	2			0		other	0
10meiPPN1D2	157	Sound	26	1996681	0	2			0		other	0
10meiPPN1D2	158	Response	1	2003875	3795	1
10meiPPN1D2	159	Sound	24	2020089	0	2			0		other	0
10meiPPN1D2	161	Sound	26	2043479	0	2			0		other	0
10meiPPN1D2	162	Response	1	2051569	4689	1
10meiPPN1D2	163	Sound	24	2066889	0	2			0		other	0
10meiPPN1D2	165	Sound	26	2090280	0	2			0		other	0
10meiPPN1D2	166	Response	1	2094743	1064	1
10meiPPN1D2	167	Sound	24	2113688	0	2			0		other	0
10meiPPN1D2	169	Sound	24	2137079	0	2			0		other	0
10meiPPN1D2	171	Sound	24	2160479	0	2			0		other	0
10meiPPN1D2	173	Sound	28	2183878	0	2			0		other	0
10meiPPN1D2	175	Sound	24	2207177	0	2			0		other	0
10meiPPN1D2	177	Sound	24	2230577	0	2			0		other	0
10meiPPN1D2	179	Sound	24	2253978	0	2			0		other	0
10meiPPN1D2	181	Sound	24	2277377	0	2			0		other	0
10meiPPN1D2	183	Sound	24	2300776	0	2			0		other	0
10meiPPN1D2	185	Sound	24	2324177	0	2			0		other	0
10meiPPN1D2	187	Sound	24	2347575	0	2			0		other	0
10meiPPN1D2	189	Sound	28	2370975	0	2			0		other	0
10meiPPN1D2	191	Sound	24	2393175	0	2			0		other	0
10meiPPN1D2	193	Sound	24	2416575	0	2			0		other	0
10meiPPN1D2	195	Sound	24	2439974	0	2			0		other	0
10meiPPN1D2	197	Sound	28	2463374	0	2			0		other	0
10meiPPN1D2	199	Sound	24	2486674	0	2			0		other	0
10meiPPN1D2	201	Sound	24	2510073	0	2			0		other	0
10meiPPN1D2	203	Sound	24	2533473	0	2			0		other	0
10meiPPN1D2	205	Sound	24	2556872	0	2			0		other	0
10meiPPN1D2	207	Sound	24	2580271	0	2			0		other	0
10meiPPN1D2	209	Sound	26	2603572	0	2			0		other	0
10meiPPN1D2	210	Response	1	2609650	2678	1
10meiPPN1D2	211	Sound	24	2626982	0	1			0		other	0
10meiPPN1D2	213	Sound	26	2650371	0	2			0		other	0
10meiPPN1D2	214	Response	1	2656004	2233	1
10meiPPN1D2	215	Sound	24	2673781	0	1			0		other	0
10meiPPN1D2	217	Sound	24	2697171	0	2			0		other	0
10meiPPN1D2	219	Sound	24	2720569	0	2			0		other	0
10meiPPN1D2	221	Sound	24	2743969	0	2			0		other	0
10meiPPN1D2	223	Sound	24	2767369	0	2			0		other	0
10meiPPN1D2	225	Sound	24	2790769	0	2			0		other	0
10meiPPN1D2	227	Sound	24	2814168	0	2			0		other	0
10meiPPN1D2	229	Sound	24	2837568	0	2			0		other	0
10meiPPN1D2	231	Sound	24	2860968	0	2			0		other	0
10meiPPN1D2	233	Sound	28	2884367	0	2			0		other	0
10meiPPN1D2	235	Sound	24	2907767	0	2			0		other	0
10meiPPN1D2	237	Sound	26	2931166	0	2			0		other	0
10meiPPN1D2	238	Response	1	2937615	3049	1
10meiPPN1D2	239	Sound	24	2954575	0	2			0		other	0
10meiPPN1D2	241	Sound	28	2977966	0	2			0		other	0
10meiPPN1D2	243	Sound	24	3001366	0	2			0		other	0
10meiPPN1D2	245	Sound	28	3024766	0	2			0		other	0
10meiPPN1D2	247	Sound	24	3047565	0	2			0		other	0
10meiPPN1D2	248	Response	1	3055672	4707	1
10meiPPN1D2	249	Sound	24	3070975	0	2			0		other	0
10meiPPN1D2	251	Sound	24	3094364	0	2			0		other	0
10meiPPN1D2	253	Sound	24	3117763	0	2			0		other	0
10meiPPN1D2	255	Sound	24	3141163	0	2			0		other	0
10meiPPN1D2	257	Sound	26	3164564	0	2			0		other	0
10meiPPN1D2	258	Response	1	3171130	3167	1
10meiPPN1D2	259	Sound	24	3187974	0	2			0		other	0


Event Type	Code	Type	Response	RT	RT Uncertainty	Time	Uncertainty	Duration	Uncertainty	ReqTime	ReqDur

Sound	24	other				169810	2			0
Sound	24	other				193210	2			0
Sound	26	other				216609	2			0
Sound	24	other				240017	2			0
Sound	24	other				263408	2			0
Sound	24	other				286807	2			0
Sound	28	other				310207	2			0
Sound	24	other				333707	2			0
Sound	24	other				357106	2			0
Sound	24	other				380506	2			0
Sound	24	other				403906	2			0
Sound	24	other				427305	2			0
Sound	24	other				450704	2			0
Sound	24	other				474104	2			0
Sound	24	other				497504	2			0
Sound	24	other				520904	2			0
Sound	24	other				544303	2			0
Sound	24	other				567704	2			0
Sound	28	other				591103	2			0
Sound	24	other				615002	2			0
Sound	28	other				638401	2			0
Sound	24	other				662401	2			0
Sound	24	other				685801	2			0
Sound	24	other				709201	2			0
Sound	24	other				732601	2			0
Sound	24	other				756000	2			0
Sound	24	other				779400	2			0
Sound	24	other				802799	2			0
Sound	24	other				826198	2			0
Sound	24	other				849499	2			0
Sound	24	other				872898	2			0
Sound	24	other				896298	2			0
Sound	24	other				919698	2			0
Sound	24	other				943097	2			0
Sound	24	other				966496	2			0
Sound	24	other				989895	2			0
Sound	24	other				1013296	2			0
Sound	24	other				1036696	2			0
Sound	26	other				1060096	2			0
Sound	24	other				1083505	2			0
Sound	24	other				1106895	2			0
Sound	24	other				1130294	2			0
Sound	24	other				1153694	2			0
Sound	24	other				1177093	2			0
Sound	24	other				1200494	2			0
Sound	24	other				1223893	2			0
Sound	28	other				1247293	2			0
Sound	24	other				1270893	2			0
Sound	26	other				1294291	2			0
Sound	24	other				1317700	2			0
Sound	28	other				1341090	2			0
Sound	24	other				1363691	2			0
Sound	26	other				1387091	2			0
Sound	24	other				1410507	1			0
Sound	24	other				1433899	2			0
Sound	24	other				1457290	2			0
Sound	24	other				1480688	2			0
Sound	24	other				1504088	2			0
Sound	24	other				1527487	2			0
Sound	24	other				1550788	2			0
Sound	28	other				1574188	2			0
Sound	24	other				1598288	2			0
Sound	24	other				1621687	2			0
Sound	24	other				1645086	2			0
Sound	24	other				1668486	2			0
Sound	24	other				1691885	2			0
Sound	24	other				1715285	2			0
Sound	24	other				1738685	2			0
Sound	24	other				1762085	2			0
Sound	24	other				1785484	2			0
Sound	26	other				1808884	2			0
Sound	24	other				1832294	1			0
Sound	26	other				1855683	2			0
Sound	24	other				1879091	2			0
Sound	28	other				1902483	2			0
Sound	24	other				1926482	2			0
Sound	24	other				1949881	2			0
Sound	24	other				1973282	2			0
Sound	26	other				1996681	2			0
Sound	24	other				2020089	2			0
Sound	26	other				2043479	2			0
Sound	24	other				2066889	2			0
Sound	26	other				2090280	2			0
Sound	24	other				2113688	2			0
Sound	24	other				2137079	2			0
Sound	24	other				2160479	2			0
Sound	28	other				2183878	2			0
Sound	24	other				2207177	2			0
Sound	24	other				2230577	2			0
Sound	24	other				2253978	2			0
Sound	24	other				2277377	2			0
Sound	24	other				2300776	2			0
Sound	24	other				2324177	2			0
Sound	24	other				2347575	2			0
Sound	28	other				2370975	2			0
Sound	24	other				2393175	2			0
Sound	24	other				2416575	2			0
Sound	24	other				2439974	2			0
Sound	28	other				2463374	2			0
Sound	24	other				2486674	2			0
Sound	24	other				2510073	2			0
Sound	24	other				2533473	2			0
Sound	24	other				2556872	2			0
Sound	24	other				2580271	2			0
Sound	26	other				2603572	2			0
Sound	24	other				2626982	1			0
Sound	26	other				2650371	2			0
Sound	24	other				2673781	1			0
Sound	24	other				2697171	2			0
Sound	24	other				2720569	2			0
Sound	24	other				2743969	2			0
Sound	24	other				2767369	2			0
Sound	24	other				2790769	2			0
Sound	24	other				2814168	2			0
Sound	24	other				2837568	2			0
Sound	24	other				2860968	2			0
Sound	28	other				2884367	2			0
Sound	24	other				2907767	2			0
Sound	26	other				2931166	2			0
Sound	24	other				2954575	2			0
Sound	28	other				2977966	2			0
Sound	24	other				3001366	2			0
Sound	28	other				3024766	2			0
Sound	24	other				3047565	2			0
Sound	24	other				3070975	2			0
Sound	24	other				3094364	2			0
Sound	24	other				3117763	2			0
Sound	24	other				3141163	2			0
Sound	26	other				3164564	2			0
Sound	24	other				3187974	2			0

The following output port codes were not sent because of a conflict on the port.
Port	Code	Time(ms)
1	24	141051
