Scenario - oddball3
Logfile written - 05/10/2016 16:20:22

Subject	Trial	Event Type	Code	Time	TTime	Uncertainty	Duration	Uncertainty	ReqTime	ReqDur	Stim Type	Pair Index

10meiPPN1D1	1	Sound	24	169920	0	2			0		other	0
10meiPPN1D1	3	Sound	24	193260	0	2			0		other	0
10meiPPN1D1	5	Sound	26	216659	0	2			0		other	0
10meiPPN1D1	6	Response	1	228096	8037	1
10meiPPN1D1	7	Sound	24	240069	0	2			0		other	0
10meiPPN1D1	9	Sound	28	263458	0	2			0		other	0
10meiPPN1D1	11	Sound	24	287157	0	2			0		other	0
10meiPPN1D1	13	Sound	24	310557	0	2			0		other	0
10meiPPN1D1	15	Sound	24	333957	0	2			0		other	0
10meiPPN1D1	17	Sound	24	357357	0	2			0		other	0
10meiPPN1D1	19	Sound	24	380757	0	2			0		other	0
10meiPPN1D1	21	Sound	24	404156	0	2			0		other	0
10meiPPN1D1	23	Sound	28	427556	0	2			0		other	0
10meiPPN1D1	25	Sound	24	449255	0	2			0		other	0
10meiPPN1D1	27	Sound	28	472654	0	2			0		other	0
10meiPPN1D1	29	Sound	24	496754	0	2			0		other	0
10meiPPN1D1	31	Sound	24	520154	0	2			0		other	0
10meiPPN1D1	33	Sound	24	543555	0	2			0		other	0
10meiPPN1D1	35	Sound	26	566953	0	2			0		other	0
10meiPPN1D1	36	Response	1	571599	1245	1
10meiPPN1D1	37	Sound	24	590364	0	2			0		other	0
10meiPPN1D1	39	Sound	24	613753	0	2			0		other	0
10meiPPN1D1	41	Sound	24	637152	0	2			0		other	0
10meiPPN1D1	43	Sound	28	660551	0	2			0		other	0
10meiPPN1D1	45	Sound	24	683651	0	2			0		other	0
10meiPPN1D1	47	Sound	24	707051	0	2			0		other	0
10meiPPN1D1	49	Sound	24	730451	0	2			0		other	0
10meiPPN1D1	51	Sound	24	753851	0	2			0		other	0
10meiPPN1D1	53	Sound	24	777250	0	2			0		other	0
10meiPPN1D1	55	Sound	24	800650	0	2			0		other	0
10meiPPN1D1	57	Sound	24	824049	0	2			0		other	0
10meiPPN1D1	59	Sound	26	847448	0	2			0		other	0
10meiPPN1D1	60	Response	1	853529	2680	2
10meiPPN1D1	61	Sound	24	870859	0	1			0		other	0
10meiPPN1D1	63	Sound	24	894249	0	2			0		other	0
10meiPPN1D1	65	Sound	24	917648	0	2			0		other	0
10meiPPN1D1	67	Sound	24	941048	0	2			0		other	0
10meiPPN1D1	69	Sound	24	964447	0	2			0		other	0
10meiPPN1D1	71	Sound	26	987846	0	2			0		other	0
10meiPPN1D1	72	Response	1	992694	1448	2
10meiPPN1D1	73	Sound	24	1011255	0	2			0		other	0
10meiPPN1D1	75	Sound	28	1034646	0	2			0		other	0
10meiPPN1D1	77	Sound	24	1057147	0	2			0		other	0
10meiPPN1D1	79	Sound	24	1080546	0	2			0		other	0
10meiPPN1D1	81	Sound	24	1103945	0	2			0		other	0
10meiPPN1D1	83	Sound	28	1127344	0	2			0		other	0
10meiPPN1D1	85	Sound	24	1151443	0	2			0		other	0
10meiPPN1D1	87	Sound	24	1174844	0	2			0		other	0
10meiPPN1D1	89	Sound	24	1198243	0	2			0		other	0
10meiPPN1D1	91	Sound	28	1221643	0	2			0		other	0
10meiPPN1D1	93	Sound	24	1245543	0	2			0		other	0
10meiPPN1D1	95	Sound	24	1268942	0	2			0		other	0
10meiPPN1D1	97	Sound	24	1292343	0	2			0		other	0
10meiPPN1D1	99	Sound	26	1315741	0	2			0		other	0
10meiPPN1D1	100	Response	1	1321039	1897	1
10meiPPN1D1	101	Sound	24	1339152	0	2			0		other	0
10meiPPN1D1	103	Sound	26	1362541	0	2			0		other	0
10meiPPN1D1	104	Response	1	1372214	6273	1
10meiPPN1D1	105	Sound	24	1385950	0	2			0		other	0
10meiPPN1D1	107	Sound	24	1409340	0	2			0		other	0
10meiPPN1D1	109	Sound	24	1432740	0	2			0		other	0
10meiPPN1D1	111	Sound	24	1456140	0	2			0		other	0
10meiPPN1D1	113	Sound	24	1479539	0	2			0		other	0
10meiPPN1D1	115	Sound	24	1502939	0	2			0		other	0
10meiPPN1D1	117	Sound	24	1526338	0	2			0		other	0
10meiPPN1D1	119	Sound	24	1549738	0	2			0		other	0
10meiPPN1D1	121	Sound	24	1573138	0	2			0		other	0
10meiPPN1D1	123	Sound	24	1596537	0	2			0		other	0
10meiPPN1D1	125	Sound	24	1619937	0	2			0		other	0
10meiPPN1D1	127	Sound	26	1643337	0	2			0		other	0
10meiPPN1D1	128	Response	1	1648544	1808	2
10meiPPN1D1	129	Sound	24	1666746	0	2			0		other	0
10meiPPN1D1	131	Sound	28	1690135	0	2			0		other	0
10meiPPN1D1	133	Sound	24	1713835	0	2			0		other	0
10meiPPN1D1	135	Sound	24	1737235	0	2			0		other	0
10meiPPN1D1	137	Sound	24	1760635	0	2			0		other	0
10meiPPN1D1	139	Sound	26	1784034	0	2			0		other	0
10meiPPN1D1	140	Response	1	1788072	638	1
10meiPPN1D1	141	Sound	24	1807444	0	1			0		other	0
10meiPPN1D1	143	Sound	24	1830833	0	2			0		other	0
10meiPPN1D1	145	Sound	24	1854233	0	2			0		other	0
10meiPPN1D1	147	Sound	24	1877632	0	2			0		other	0
10meiPPN1D1	149	Sound	24	1901032	0	2			0		other	0
10meiPPN1D1	151	Sound	28	1924432	0	2			0		other	0
10meiPPN1D1	153	Sound	24	1947432	0	2			0		other	0
10meiPPN1D1	155	Sound	26	1970832	0	2			0		other	0
10meiPPN1D1	156	Response	1	1977114	2883	1
10meiPPN1D1	157	Sound	24	1994240	0	2			0		other	0
10meiPPN1D1	159	Sound	24	2017631	0	2			0		other	0
10meiPPN1D1	161	Sound	24	2041030	0	2			0		other	0
10meiPPN1D1	163	Sound	24	2064430	0	2			0		other	0
10meiPPN1D1	165	Sound	24	2087830	0	2			0		other	0
10meiPPN1D1	166	Response	1	2094958	3728	1
10meiPPN1D1	167	Sound	24	2111239	0	2			0		other	0
10meiPPN1D1	169	Sound	24	2134629	0	2			0		other	0
10meiPPN1D1	171	Sound	24	2158029	0	2			0		other	0
10meiPPN1D1	173	Sound	24	2181428	0	2			0		other	0
10meiPPN1D1	175	Sound	24	2204828	0	2			0		other	0
10meiPPN1D1	175	Response	1	2206388	1560	1
10meiPPN1D1	177	Sound	24	2228236	0	2			0		other	0
10meiPPN1D1	179	Sound	26	2251627	0	2			0		other	0
10meiPPN1D1	180	Response	1	2257381	2354	1
10meiPPN1D1	181	Sound	24	2275036	0	2			0		other	0
10meiPPN1D1	183	Sound	26	2298427	0	2			0		other	0
10meiPPN1D1	184	Response	1	2304315	2489	1
10meiPPN1D1	185	Sound	24	2321836	0	2			0		other	0
10meiPPN1D1	187	Sound	28	2345226	0	2			0		other	0
10meiPPN1D1	189	Sound	24	2368325	0	2			0		other	0
10meiPPN1D1	191	Sound	24	2391724	0	2			0		other	0
10meiPPN1D1	193	Sound	24	2415124	0	2			0		other	0
10meiPPN1D1	195	Sound	24	2438524	0	2			0		other	0
10meiPPN1D1	197	Sound	24	2461924	0	2			0		other	0
10meiPPN1D1	199	Sound	28	2485324	0	2			0		other	0
10meiPPN1D1	201	Sound	24	2509324	0	2			0		other	0
10meiPPN1D1	203	Sound	24	2532723	0	2			0		other	0
10meiPPN1D1	205	Sound	24	2556122	0	2			0		other	0
10meiPPN1D1	207	Sound	24	2579522	0	2			0		other	0
10meiPPN1D1	209	Sound	24	2602921	0	2			0		other	0
10meiPPN1D1	211	Sound	24	2626321	0	2			0		other	0
10meiPPN1D1	213	Sound	24	2649721	0	2			0		other	0
10meiPPN1D1	215	Sound	24	2673121	0	2			0		other	0
10meiPPN1D1	217	Sound	24	2696520	0	2			0		other	0
10meiPPN1D1	219	Sound	24	2719920	0	2			0		other	0
10meiPPN1D1	221	Sound	24	2743320	0	2			0		other	0
10meiPPN1D1	223	Sound	28	2766719	0	2			0		other	0
10meiPPN1D1	225	Sound	24	2790219	0	2			0		other	0
10meiPPN1D1	227	Sound	24	2813618	0	2			0		other	0
10meiPPN1D1	229	Sound	24	2837018	0	2			0		other	0
10meiPPN1D1	231	Sound	26	2860418	0	2			0		other	0
10meiPPN1D1	232	Response	1	2866517	2700	1
10meiPPN1D1	233	Sound	24	2883827	0	1			0		other	0
10meiPPN1D1	235	Sound	28	2907216	0	2			0		other	0
10meiPPN1D1	237	Sound	24	2931216	0	2			0		other	0
10meiPPN1D1	239	Sound	26	2954615	0	2			0		other	0
10meiPPN1D1	240	Response	1	2963846	5830	1
10meiPPN1D1	241	Sound	24	2978027	0	1			0		other	0
10meiPPN1D1	243	Sound	24	3001416	0	2			0		other	0
10meiPPN1D1	245	Sound	24	3024816	0	2			0		other	0
10meiPPN1D1	247	Sound	24	3048215	0	2			0		other	0
10meiPPN1D1	249	Sound	24	3071614	0	2			0		other	0
10meiPPN1D1	251	Sound	24	3095014	0	2			0		other	0
10meiPPN1D1	253	Sound	24	3118413	0	2			0		other	0
10meiPPN1D1	255	Sound	24	3141813	0	2			0		other	0
10meiPPN1D1	257	Sound	24	3165213	0	2			0		other	0


Event Type	Code	Type	Response	RT	RT Uncertainty	Time	Uncertainty	Duration	Uncertainty	ReqTime	ReqDur

Sound	24	other				169920	2			0
Sound	24	other				193260	2			0
Sound	26	other				216659	2			0
Sound	24	other				240069	2			0
Sound	28	other				263458	2			0
Sound	24	other				287157	2			0
Sound	24	other				310557	2			0
Sound	24	other				333957	2			0
Sound	24	other				357357	2			0
Sound	24	other				380757	2			0
Sound	24	other				404156	2			0
Sound	28	other				427556	2			0
Sound	24	other				449255	2			0
Sound	28	other				472654	2			0
Sound	24	other				496754	2			0
Sound	24	other				520154	2			0
Sound	24	other				543555	2			0
Sound	26	other				566953	2			0
Sound	24	other				590364	2			0
Sound	24	other				613753	2			0
Sound	24	other				637152	2			0
Sound	28	other				660551	2			0
Sound	24	other				683651	2			0
Sound	24	other				707051	2			0
Sound	24	other				730451	2			0
Sound	24	other				753851	2			0
Sound	24	other				777250	2			0
Sound	24	other				800650	2			0
Sound	24	other				824049	2			0
Sound	26	other				847448	2			0
Sound	24	other				870859	1			0
Sound	24	other				894249	2			0
Sound	24	other				917648	2			0
Sound	24	other				941048	2			0
Sound	24	other				964447	2			0
Sound	26	other				987846	2			0
Sound	24	other				1011255	2			0
Sound	28	other				1034646	2			0
Sound	24	other				1057147	2			0
Sound	24	other				1080546	2			0
Sound	24	other				1103945	2			0
Sound	28	other				1127344	2			0
Sound	24	other				1151443	2			0
Sound	24	other				1174844	2			0
Sound	24	other				1198243	2			0
Sound	28	other				1221643	2			0
Sound	24	other				1245543	2			0
Sound	24	other				1268942	2			0
Sound	24	other				1292343	2			0
Sound	26	other				1315741	2			0
Sound	24	other				1339152	2			0
Sound	26	other				1362541	2			0
Sound	24	other				1385950	2			0
Sound	24	other				1409340	2			0
Sound	24	other				1432740	2			0
Sound	24	other				1456140	2			0
Sound	24	other				1479539	2			0
Sound	24	other				1502939	2			0
Sound	24	other				1526338	2			0
Sound	24	other				1549738	2			0
Sound	24	other				1573138	2			0
Sound	24	other				1596537	2			0
Sound	24	other				1619937	2			0
Sound	26	other				1643337	2			0
Sound	24	other				1666746	2			0
Sound	28	other				1690135	2			0
Sound	24	other				1713835	2			0
Sound	24	other				1737235	2			0
Sound	24	other				1760635	2			0
Sound	26	other				1784034	2			0
Sound	24	other				1807444	1			0
Sound	24	other				1830833	2			0
Sound	24	other				1854233	2			0
Sound	24	other				1877632	2			0
Sound	24	other				1901032	2			0
Sound	28	other				1924432	2			0
Sound	24	other				1947432	2			0
Sound	26	other				1970832	2			0
Sound	24	other				1994240	2			0
Sound	24	other				2017631	2			0
Sound	24	other				2041030	2			0
Sound	24	other				2064430	2			0
Sound	24	other				2087830	2			0
Sound	24	other				2111239	2			0
Sound	24	other				2134629	2			0
Sound	24	other				2158029	2			0
Sound	24	other				2181428	2			0
Sound	24	other				2204828	2			0
Sound	24	other				2228236	2			0
Sound	26	other				2251627	2			0
Sound	24	other				2275036	2			0
Sound	26	other				2298427	2			0
Sound	24	other				2321836	2			0
Sound	28	other				2345226	2			0
Sound	24	other				2368325	2			0
Sound	24	other				2391724	2			0
Sound	24	other				2415124	2			0
Sound	24	other				2438524	2			0
Sound	24	other				2461924	2			0
Sound	28	other				2485324	2			0
Sound	24	other				2509324	2			0
Sound	24	other				2532723	2			0
Sound	24	other				2556122	2			0
Sound	24	other				2579522	2			0
Sound	24	other				2602921	2			0
Sound	24	other				2626321	2			0
Sound	24	other				2649721	2			0
Sound	24	other				2673121	2			0
Sound	24	other				2696520	2			0
Sound	24	other				2719920	2			0
Sound	24	other				2743320	2			0
Sound	28	other				2766719	2			0
Sound	24	other				2790219	2			0
Sound	24	other				2813618	2			0
Sound	24	other				2837018	2			0
Sound	26	other				2860418	2			0
Sound	24	other				2883827	1			0
Sound	28	other				2907216	2			0
Sound	24	other				2931216	2			0
Sound	26	other				2954615	2			0
Sound	24	other				2978027	1			0
Sound	24	other				3001416	2			0
Sound	24	other				3024816	2			0
Sound	24	other				3048215	2			0
Sound	24	other				3071614	2			0
Sound	24	other				3095014	2			0
Sound	24	other				3118413	2			0
Sound	24	other				3141813	2			0
Sound	24	other				3165213	2			0
