Scenario - oddball3
Logfile written - 05/25/2016 17:15:55

Subject	Trial	Event Type	Code	Time	TTime	Uncertainty	Duration	Uncertainty	ReqTime	ReqDur	Stim Type	Pair Index

PPN15-S3	1	Sound	8	174330	0	2			0		other	0
PPN15-S3	3	Sound	4	197336	0	2			0		other	0
PPN15-S3	5	Sound	4	220735	0	2			0		other	0
PPN15-S3	7	Sound	4	244135	0	2			0		other	0
PPN15-S3	9	Sound	6	267535	0	2			0		other	0
PPN15-S3	10	Response	1	274974	4039	1
PPN15-S3	11	Sound	4	290944	0	2			0		other	0
PPN15-S3	13	Sound	6	314335	0	2			0		other	0
PPN15-S3	14	Response	1	322311	4577	1
PPN15-S3	14	Response	1	324335	6601	1
PPN15-S3	15	Sound	4	337743	0	2			0		other	0
PPN15-S3	17	Sound	4	361134	0	2			0		other	0
PPN15-S3	19	Sound	4	384534	0	2			0		other	0
PPN15-S3	21	Sound	4	407935	0	2			0		other	0
PPN15-S3	23	Sound	4	431334	0	2			0		other	0
PPN15-S3	25	Sound	4	454734	0	2			0		other	0
PPN15-S3	27	Sound	4	478133	0	2			0		other	0
PPN15-S3	29	Sound	4	501533	0	2			0		other	0
PPN15-S3	31	Sound	4	524933	0	2			0		other	0
PPN15-S3	33	Sound	4	548333	0	2			0		other	0
PPN15-S3	35	Sound	4	571733	0	2			0		other	0
PPN15-S3	37	Sound	8	595133	0	2			0		other	0
PPN15-S3	39	Sound	4	618833	0	2			0		other	0
PPN15-S3	41	Sound	8	642232	0	2			0		other	0
PPN15-S3	43	Sound	4	665832	0	2			0		other	0
PPN15-S3	44	Response	1	669339	107	2
PPN15-S3	44	Response	1	675955	6723	1
PPN15-S3	44	Response	1	682773	13541	2
PPN15-S3	44	Response	1	689098	19866	2
PPN15-S3	45	Sound	4	689241	0	2			0		other	0
PPN15-S3	46	Response	1	695120	2489	2
PPN15-S3	47	Sound	4	712640	0	2			0		other	0
PPN15-S3	48	Response	1	722769	6737	1
PPN15-S3	49	Sound	8	736041	0	2			0		other	0
PPN15-S3	51	Sound	4	760032	0	2			0		other	0
PPN15-S3	52	Response	1	767151	3719	2
PPN15-S3	53	Sound	8	783442	0	2			0		other	0
PPN15-S3	55	Sound	4	807432	0	2			0		other	0
PPN15-S3	56	Response	1	829326	18496	1
PPN15-S3	57	Sound	6	830840	0	2			0		other	0
PPN15-S3	57	Response	1	833334	2494	1
PPN15-S3	58	Response	1	839825	5586	1
PPN15-S3	59	Sound	4	854248	0	2			0		other	0
PPN15-S3	61	Sound	4	877630	0	2			0		other	0
PPN15-S3	63	Sound	4	901031	0	2			0		other	0
PPN15-S3	65	Sound	4	924431	0	2			0		other	0
PPN15-S3	67	Sound	4	947830	0	2			0		other	0
PPN15-S3	68	Response	1	956147	4917	2
PPN15-S3	69	Sound	4	971239	0	3			0		other	0
PPN15-S3	71	Sound	4	994629	0	2			0		other	0
PPN15-S3	71	Response	1	995685	1056	2
PPN15-S3	73	Sound	6	1018039	0	2			0		other	0
PPN15-S3	74	Response	1	1027765	6336	1
PPN15-S3	75	Sound	4	1041438	0	2			0		other	0
PPN15-S3	76	Response	1	1046446	1617	1
PPN15-S3	77	Sound	4	1064838	0	2			0		other	0
PPN15-S3	77	Response	1	1067558	2720	1
PPN15-S3	79	Sound	4	1088238	0	2			0		other	0
PPN15-S3	79	Response	1	1088333	95	1
PPN15-S3	81	Sound	4	1111638	0	2			0		other	0
PPN15-S3	81	Response	1	1112612	974	1
PPN15-S3	83	Sound	4	1135038	0	2			0		other	0
PPN15-S3	85	Sound	4	1158429	0	2			0		other	0
PPN15-S3	87	Sound	4	1181828	0	2			0		other	0
PPN15-S3	89	Sound	4	1205228	0	2			0		other	0
PPN15-S3	91	Sound	4	1228627	0	2			0		other	0
PPN15-S3	93	Sound	4	1251928	0	2			0		other	0
PPN15-S3	95	Sound	4	1275328	0	2			0		other	0
PPN15-S3	97	Sound	4	1298727	0	2			0		other	0
PPN15-S3	99	Sound	4	1322127	0	2			0		other	0
PPN15-S3	101	Sound	6	1345527	0	2			0		other	0
PPN15-S3	102	Response	1	1355411	6485	1
PPN15-S3	102	Response	1	1360912	11986	1
PPN15-S3	103	Sound	4	1368935	0	2			0		other	0
PPN15-S3	105	Sound	8	1392326	0	2			0		other	0
PPN15-S3	107	Sound	4	1415327	0	2			0		other	0
PPN15-S3	109	Sound	8	1438726	0	2			0		other	0
PPN15-S3	111	Sound	4	1461726	0	2			0		other	0
PPN15-S3	113	Sound	6	1485127	0	2			0		other	0
PPN15-S3	115	Sound	4	1508526	0	2			0		other	0
PPN15-S3	115	Response	1	1509054	528	1
PPN15-S3	117	Sound	8	1531934	0	2			0		other	0
PPN15-S3	118	Response	1	1553990	18564	1
PPN15-S3	119	Sound	4	1555435	0	2			0		other	0
PPN15-S3	120	Response	1	1561826	3001	2
PPN15-S3	120	Response	1	1568091	9266	1
PPN15-S3	120	Response	1	1573904	15079	2
PPN15-S3	121	Sound	4	1578834	0	2			0		other	0
PPN15-S3	123	Sound	4	1602226	0	2			0		other	0
PPN15-S3	125	Sound	6	1625625	0	2			0		other	0
PPN15-S3	126	Response	1	1637720	8695	1
PPN15-S3	127	Sound	4	1649034	0	2			0		other	0
PPN15-S3	129	Sound	4	1672425	0	2			0		other	0
PPN15-S3	131	Sound	4	1695824	0	2			0		other	0
PPN15-S3	133	Sound	4	1719224	0	2			0		other	0
PPN15-S3	135	Sound	4	1742624	0	2			0		other	0
PPN15-S3	137	Sound	6	1766024	0	2			0		other	0
PPN15-S3	138	Response	1	1777372	7948	1
PPN15-S3	139	Sound	4	1789433	0	2			0		other	0
PPN15-S3	141	Sound	4	1812824	0	2			0		other	0
PPN15-S3	143	Sound	4	1836224	0	2			0		other	0
PPN15-S3	145	Sound	8	1859623	0	2			0		other	0
PPN15-S3	147	Sound	4	1883623	0	2			0		other	0
PPN15-S3	149	Sound	6	1907023	0	2			0		other	0
PPN15-S3	150	Response	1	1915880	5458	2
PPN15-S3	151	Sound	4	1930431	0	2			0		other	0
PPN15-S3	153	Sound	4	1953823	0	2			0		other	0
PPN15-S3	155	Sound	4	1977223	0	2			0		other	0
PPN15-S3	157	Sound	4	2000622	0	2			0		other	0
PPN15-S3	159	Sound	4	2024023	0	2			0		other	0
PPN15-S3	161	Sound	4	2047422	0	2			0		other	0
PPN15-S3	163	Sound	4	2070822	0	2			0		other	0
PPN15-S3	165	Sound	4	2094221	0	2			0		other	0
PPN15-S3	167	Sound	4	2117621	0	2			0		other	0
PPN15-S3	169	Sound	4	2141022	0	2			0		other	0
PPN15-S3	171	Sound	4	2164421	0	2			0		other	0
PPN15-S3	173	Sound	6	2187821	0	2			0		other	0
PPN15-S3	174	Response	1	2201226	10005	1
PPN15-S3	175	Sound	4	2211230	0	2			0		other	0
PPN15-S3	177	Sound	4	2234621	0	2			0		other	0
PPN15-S3	179	Sound	4	2258021	0	2			0		other	0
PPN15-S3	181	Sound	4	2281420	0	2			0		other	0
PPN15-S3	183	Sound	4	2304821	0	2			0		other	0
PPN15-S3	185	Sound	4	2328220	0	2			0		other	0
PPN15-S3	187	Sound	4	2351620	0	2			0		other	0
PPN15-S3	189	Sound	4	2375019	0	2			0		other	0
PPN15-S3	191	Sound	4	2398419	0	2			0		other	0
PPN15-S3	193	Sound	8	2421819	0	2			0		other	0
PPN15-S3	195	Sound	4	2445819	0	2			0		other	0
PPN15-S3	197	Sound	8	2469219	0	2			0		other	0
PPN15-S3	199	Sound	4	2491319	0	2			0		other	0
PPN15-S3	201	Sound	6	2514718	0	2			0		other	0
PPN15-S3	202	Response	1	2530015	11896	1
PPN15-S3	203	Sound	4	2538128	0	2			0		other	0
PPN15-S3	205	Sound	4	2561519	0	2			0		other	0
PPN15-S3	207	Sound	4	2584918	0	2			0		other	0
PPN15-S3	209	Sound	6	2608317	0	2			0		other	0
PPN15-S3	210	Response	1	2621447	9730	1
PPN15-S3	211	Sound	4	2631726	0	2			0		other	0
PPN15-S3	213	Sound	4	2655118	0	2			0		other	0
PPN15-S3	215	Sound	4	2678518	0	2			0		other	0
PPN15-S3	217	Sound	6	2701917	0	2			0		other	0
PPN15-S3	218	Response	1	2714338	9020	1
PPN15-S3	219	Sound	4	2725327	0	2			0		other	0
PPN15-S3	221	Sound	4	2748717	0	2			0		other	0
PPN15-S3	223	Sound	4	2772117	0	2			0		other	0
PPN15-S3	225	Sound	4	2795516	0	2			0		other	0
PPN15-S3	227	Sound	4	2818916	0	2			0		other	0
PPN15-S3	229	Sound	4	2842317	0	2			0		other	0
PPN15-S3	231	Sound	4	2865717	0	2			0		other	0
PPN15-S3	233	Sound	8	2889116	0	2			0		other	0
PPN15-S3	235	Sound	4	2912515	0	2			0		other	0
PPN15-S3	237	Sound	4	2935915	0	2			0		other	0
PPN15-S3	239	Sound	4	2959315	0	2			0		other	0
PPN15-S3	241	Sound	4	2982714	0	2			0		other	0
PPN15-S3	243	Sound	4	3006115	0	2			0		other	0
PPN15-S3	245	Sound	4	3029515	0	2			0		other	0
PPN15-S3	247	Sound	4	3052915	0	2			0		other	0
PPN15-S3	249	Sound	8	3076314	0	2			0		other	0
PPN15-S3	251	Sound	4	3100314	0	2			0		other	0
PPN15-S3	253	Sound	4	3123714	0	2			0		other	0
PPN15-S3	255	Sound	4	3147113	0	2			0		other	0
PPN15-S3	257	Sound	4	3170513	0	2			0		other	0
PPN15-S3	259	Sound	4	3193913	0	2			0		other	0


Event Type	Code	Type	Response	RT	RT Uncertainty	Time	Uncertainty	Duration	Uncertainty	ReqTime	ReqDur

Sound	8	other				174330	2			0
Sound	4	other				197336	2			0
Sound	4	other				220735	2			0
Sound	4	other				244135	2			0
Sound	6	other				267535	2			0
Sound	4	other				290944	2			0
Sound	6	other				314335	2			0
Sound	4	other				337743	2			0
Sound	4	other				361134	2			0
Sound	4	other				384534	2			0
Sound	4	other				407935	2			0
Sound	4	other				431334	2			0
Sound	4	other				454734	2			0
Sound	4	other				478133	2			0
Sound	4	other				501533	2			0
Sound	4	other				524933	2			0
Sound	4	other				548333	2			0
Sound	4	other				571733	2			0
Sound	8	other				595133	2			0
Sound	4	other				618833	2			0
Sound	8	other				642232	2			0
Sound	4	other				665832	2			0
Sound	4	other				689241	2			0
Sound	4	other				712640	2			0
Sound	8	other				736041	2			0
Sound	4	other				760032	2			0
Sound	8	other				783442	2			0
Sound	4	other				807432	2			0
Sound	6	other				830840	2			0
Sound	4	other				854248	2			0
Sound	4	other				877630	2			0
Sound	4	other				901031	2			0
Sound	4	other				924431	2			0
Sound	4	other				947830	2			0
Sound	4	other				971239	3			0
Sound	4	other				994629	2			0
Sound	6	other				1018039	2			0
Sound	4	other				1041438	2			0
Sound	4	other				1064838	2			0
Sound	4	other				1088238	2			0
Sound	4	other				1111638	2			0
Sound	4	other				1135038	2			0
Sound	4	other				1158429	2			0
Sound	4	other				1181828	2			0
Sound	4	other				1205228	2			0
Sound	4	other				1228627	2			0
Sound	4	other				1251928	2			0
Sound	4	other				1275328	2			0
Sound	4	other				1298727	2			0
Sound	4	other				1322127	2			0
Sound	6	other				1345527	2			0
Sound	4	other				1368935	2			0
Sound	8	other				1392326	2			0
Sound	4	other				1415327	2			0
Sound	8	other				1438726	2			0
Sound	4	other				1461726	2			0
Sound	6	other				1485127	2			0
Sound	4	other				1508526	2			0
Sound	8	other				1531934	2			0
Sound	4	other				1555435	2			0
Sound	4	other				1578834	2			0
Sound	4	other				1602226	2			0
Sound	6	other				1625625	2			0
Sound	4	other				1649034	2			0
Sound	4	other				1672425	2			0
Sound	4	other				1695824	2			0
Sound	4	other				1719224	2			0
Sound	4	other				1742624	2			0
Sound	6	other				1766024	2			0
Sound	4	other				1789433	2			0
Sound	4	other				1812824	2			0
Sound	4	other				1836224	2			0
Sound	8	other				1859623	2			0
Sound	4	other				1883623	2			0
Sound	6	other				1907023	2			0
Sound	4	other				1930431	2			0
Sound	4	other				1953823	2			0
Sound	4	other				1977223	2			0
Sound	4	other				2000622	2			0
Sound	4	other				2024023	2			0
Sound	4	other				2047422	2			0
Sound	4	other				2070822	2			0
Sound	4	other				2094221	2			0
Sound	4	other				2117621	2			0
Sound	4	other				2141022	2			0
Sound	4	other				2164421	2			0
Sound	6	other				2187821	2			0
Sound	4	other				2211230	2			0
Sound	4	other				2234621	2			0
Sound	4	other				2258021	2			0
Sound	4	other				2281420	2			0
Sound	4	other				2304821	2			0
Sound	4	other				2328220	2			0
Sound	4	other				2351620	2			0
Sound	4	other				2375019	2			0
Sound	4	other				2398419	2			0
Sound	8	other				2421819	2			0
Sound	4	other				2445819	2			0
Sound	8	other				2469219	2			0
Sound	4	other				2491319	2			0
Sound	6	other				2514718	2			0
Sound	4	other				2538128	2			0
Sound	4	other				2561519	2			0
Sound	4	other				2584918	2			0
Sound	6	other				2608317	2			0
Sound	4	other				2631726	2			0
Sound	4	other				2655118	2			0
Sound	4	other				2678518	2			0
Sound	6	other				2701917	2			0
Sound	4	other				2725327	2			0
Sound	4	other				2748717	2			0
Sound	4	other				2772117	2			0
Sound	4	other				2795516	2			0
Sound	4	other				2818916	2			0
Sound	4	other				2842317	2			0
Sound	4	other				2865717	2			0
Sound	8	other				2889116	2			0
Sound	4	other				2912515	2			0
Sound	4	other				2935915	2			0
Sound	4	other				2959315	2			0
Sound	4	other				2982714	2			0
Sound	4	other				3006115	2			0
Sound	4	other				3029515	2			0
Sound	4	other				3052915	2			0
Sound	8	other				3076314	2			0
Sound	4	other				3100314	2			0
Sound	4	other				3123714	2			0
Sound	4	other				3147113	2			0
Sound	4	other				3170513	2			0
Sound	4	other				3193913	2			0
