Scenario - oddball3
Logfile written - 05/25/2016 17:36:14

Subject	Trial	Event Type	Code	Time	TTime	Uncertainty	Duration	Uncertainty	ReqTime	ReqDur	Stim Type	Pair Index

PPN15-S4	1	Sound	4	172500	0	2			0		other	0
PPN15-S4	3	Sound	8	195822	0	2			0		other	0
PPN15-S4	5	Sound	4	219322	0	2			0		other	0
PPN15-S4	7	Sound	6	242721	0	2			0		other	0
PPN15-S4	8	Response	1	256730	10609	1
PPN15-S4	9	Sound	4	266130	0	2			0		other	0
PPN15-S4	11	Sound	8	289520	0	2			0		other	0
PPN15-S4	13	Sound	4	313020	0	2			0		other	0
PPN15-S4	15	Sound	4	336420	0	2			0		other	0
PPN15-S4	17	Sound	4	359821	0	2			0		other	0
PPN15-S4	19	Sound	8	383221	0	2			0		other	0
PPN15-S4	21	Sound	4	407120	0	2			0		other	0
PPN15-S4	23	Sound	4	430519	0	2			0		other	0
PPN15-S4	25	Sound	4	453919	0	2			0		other	0
PPN15-S4	27	Sound	4	477319	0	2			0		other	0
PPN15-S4	29	Sound	4	500620	0	2			0		other	0
PPN15-S4	31	Sound	4	524019	0	2			0		other	0
PPN15-S4	33	Sound	4	547419	0	2			0		other	0
PPN15-S4	35	Sound	8	570819	0	2			0		other	0
PPN15-S4	37	Sound	4	594819	0	2			0		other	0
PPN15-S4	39	Sound	4	618218	0	2			0		other	0
PPN15-S4	41	Sound	4	641617	0	2			0		other	0
PPN15-S4	43	Sound	6	664918	0	2			0		other	0
PPN15-S4	44	Response	1	678289	9970	1
PPN15-S4	45	Sound	4	688328	0	2			0		other	0
PPN15-S4	47	Sound	6	711718	0	2			0		other	0
PPN15-S4	48	Response	1	728684	13566	1
PPN15-S4	49	Sound	4	735127	0	2			0		other	0
PPN15-S4	51	Sound	4	758517	0	2			0		other	0
PPN15-S4	53	Sound	4	781917	0	2			0		other	0
PPN15-S4	55	Sound	4	805316	0	2			0		other	0
PPN15-S4	57	Sound	4	828716	0	2			0		other	0
PPN15-S4	59	Sound	8	852017	0	2			0		other	0
PPN15-S4	61	Sound	4	875217	0	2			0		other	0
PPN15-S4	63	Sound	6	898616	0	2			0		other	0
PPN15-S4	64	Response	1	910009	7993	1
PPN15-S4	65	Sound	4	922025	0	2			0		other	0
PPN15-S4	67	Sound	4	945416	0	2			0		other	0
PPN15-S4	69	Sound	4	968815	0	2			0		other	0
PPN15-S4	71	Sound	8	992215	0	2			0		other	0
PPN15-S4	73	Sound	4	1015815	0	2			0		other	0
PPN15-S4	75	Sound	4	1039215	0	2			0		other	0
PPN15-S4	77	Sound	4	1062615	0	2			0		other	0
PPN15-S4	79	Sound	4	1086015	0	2			0		other	0
PPN15-S4	81	Sound	4	1109415	0	2			0		other	0
PPN15-S4	83	Sound	4	1132814	0	2			0		other	0
PPN15-S4	85	Sound	4	1156213	0	2			0		other	0
PPN15-S4	87	Sound	4	1179614	0	2			0		other	0
PPN15-S4	89	Sound	4	1203014	0	2			0		other	0
PPN15-S4	91	Sound	4	1226414	0	2			0		other	0
PPN15-S4	93	Sound	4	1249814	0	2			0		other	0
PPN15-S4	95	Sound	6	1273214	0	2			0		other	0
PPN15-S4	96	Response	1	1285932	9319	2
PPN15-S4	97	Sound	4	1296623	0	1			0		other	0
PPN15-S4	99	Sound	8	1320013	0	2			0		other	0
PPN15-S4	101	Sound	4	1343112	0	2			0		other	0
PPN15-S4	103	Sound	6	1366413	0	2			0		other	0
PPN15-S4	104	Response	1	1377721	7909	1
PPN15-S4	105	Sound	4	1389822	0	1			0		other	0
PPN15-S4	107	Sound	8	1413213	0	2			0		other	0
PPN15-S4	109	Sound	4	1435813	0	2			0		other	0
PPN15-S4	111	Sound	6	1459212	0	2			0		other	0
PPN15-S4	112	Response	1	1474053	11442	1
PPN15-S4	113	Sound	4	1482620	0	2			0		other	0
PPN15-S4	115	Sound	4	1506011	0	2			0		other	0
PPN15-S4	117	Sound	4	1529411	0	2			0		other	0
PPN15-S4	119	Sound	4	1552812	0	2			0		other	0
PPN15-S4	121	Sound	4	1576212	0	2			0		other	0
PPN15-S4	123	Sound	6	1599611	0	2			0		other	0
PPN15-S4	124	Response	1	1610618	7607	2
PPN15-S4	125	Sound	4	1623020	0	2			0		other	0
PPN15-S4	127	Sound	6	1646410	0	2			0		other	0
PPN15-S4	128	Response	1	1653217	3407	2
PPN15-S4	129	Sound	4	1669819	0	2			0		other	0
PPN15-S4	131	Sound	8	1693210	0	2			0		other	0
PPN15-S4	133	Sound	4	1717010	0	2			0		other	0
PPN15-S4	135	Sound	6	1740411	0	2			0		other	0
PPN15-S4	136	Response	1	1748265	4455	1
PPN15-S4	137	Sound	4	1763820	0	2			0		other	0
PPN15-S4	139	Sound	4	1787210	0	2			0		other	0
PPN15-S4	141	Sound	4	1810609	0	2			0		other	0
PPN15-S4	143	Sound	4	1834010	0	2			0		other	0
PPN15-S4	144	Response	1	1855154	17745	1
PPN15-S4	145	Sound	4	1857418	0	2			0		other	0
PPN15-S4	146	Response	1	1866852	6043	1
PPN15-S4	146	Response	1	1872570	11761	1
PPN15-S4	147	Sound	4	1880818	0	2			0		other	0
PPN15-S4	147	Response	1	1881310	492	1
PPN15-S4	148	Response	1	1903669	19452	1
PPN15-S4	149	Sound	4	1904226	0	2			0		other	0
PPN15-S4	150	Response	1	1925787	18178	1
PPN15-S4	151	Sound	4	1927618	0	2			0		other	0
PPN15-S4	153	Sound	4	1951008	0	2			0		other	0
PPN15-S4	153	Response	1	1952005	997	1
PPN15-S4	155	Sound	4	1974418	0	2			0		other	0
PPN15-S4	155	Response	1	1975262	844	1
PPN15-S4	157	Sound	4	1997816	0	2			0		other	0
PPN15-S4	157	Response	1	1998019	203	1
PPN15-S4	158	Response	1	2020817	19601	1
PPN15-S4	159	Sound	8	2021225	0	2			0		other	0
PPN15-S4	160	Response	1	2043436	18129	1
PPN15-S4	161	Sound	4	2045316	0	2			0		other	0
PPN15-S4	162	Response	1	2068395	19687	1
PPN15-S4	163	Sound	4	2068717	0	2			0		other	0
PPN15-S4	165	Sound	4	2092108	0	2			0		other	0
PPN15-S4	165	Response	1	2092171	63	1
PPN15-S4	166	Response	1	2114047	18530	1
PPN15-S4	167	Sound	4	2115526	0	2			0		other	0
PPN15-S4	168	Response	1	2137726	18818	1
PPN15-S4	169	Sound	4	2138917	0	2			0		other	0
PPN15-S4	171	Sound	6	2162307	0	2			0		other	0
PPN15-S4	172	Response	1	2169922	4216	1
PPN15-S4	173	Sound	4	2185715	0	2			0		other	0
PPN15-S4	175	Sound	4	2209106	0	2			0		other	0
PPN15-S4	177	Sound	4	2232506	0	2			0		other	0
PPN15-S4	179	Sound	4	2255907	0	2			0		other	0
PPN15-S4	181	Sound	4	2279306	0	2			0		other	0
PPN15-S4	183	Sound	8	2302706	0	2			0		other	0
PPN15-S4	185	Sound	4	2325206	0	2			0		other	0
PPN15-S4	187	Sound	4	2348605	0	2			0		other	0
PPN15-S4	189	Sound	4	2372005	0	2			0		other	0
PPN15-S4	191	Sound	4	2395404	0	2			0		other	0
PPN15-S4	193	Sound	4	2418805	0	2			0		other	0
PPN15-S4	195	Sound	4	2442205	0	2			0		other	0
PPN15-S4	197	Sound	4	2465605	0	2			0		other	0
PPN15-S4	199	Sound	4	2489004	0	2			0		other	0
PPN15-S4	201	Sound	4	2512405	0	2			0		other	0
PPN15-S4	203	Sound	4	2535804	0	2			0		other	0
PPN15-S4	205	Sound	4	2559204	0	2			0		other	0
PPN15-S4	207	Sound	4	2582603	0	2			0		other	0
PPN15-S4	209	Sound	4	2606004	0	2			0		other	0
PPN15-S4	211	Sound	8	2629404	0	2			0		other	0
PPN15-S4	213	Sound	4	2651904	0	2			0		other	0
PPN15-S4	215	Sound	4	2675304	0	2			0		other	0
PPN15-S4	217	Sound	4	2698703	0	2			0		other	0
PPN15-S4	219	Sound	6	2722103	0	2			0		other	0
PPN15-S4	220	Response	1	2729971	4469	1
PPN15-S4	221	Sound	4	2745513	0	1			0		other	0
PPN15-S4	223	Sound	4	2768902	0	2			0		other	0
PPN15-S4	225	Sound	4	2792302	0	2			0		other	0
PPN15-S4	227	Sound	4	2815702	0	2			0		other	0
PPN15-S4	229	Sound	4	2839102	0	2			0		other	0
PPN15-S4	231	Sound	8	2862502	0	2			0		other	0
PPN15-S4	233	Sound	4	2886102	0	2			0		other	0
PPN15-S4	235	Sound	4	2909501	0	2			0		other	0
PPN15-S4	237	Sound	4	2932901	0	2			0		other	0
PPN15-S4	239	Sound	4	2956302	0	2			0		other	0
PPN15-S4	241	Sound	4	2979702	0	2			0		other	0
PPN15-S4	243	Sound	4	3003101	0	2			0		other	0
PPN15-S4	245	Sound	4	3026501	0	2			0		other	0
PPN15-S4	247	Sound	6	3049900	0	2			0		other	0
PPN15-S4	248	Response	1	3057617	4317	1
PPN15-S4	249	Sound	4	3073309	0	2			0		other	0
PPN15-S4	251	Sound	4	3096700	0	2			0		other	0
PPN15-S4	253	Sound	4	3120100	0	2			0		other	0
PPN15-S4	255	Sound	4	3143500	0	2			0		other	0
PPN15-S4	257	Sound	4	3166900	0	2			0		other	0
PPN15-S4	259	Sound	4	3190300	0	2			0		other	0


Event Type	Code	Type	Response	RT	RT Uncertainty	Time	Uncertainty	Duration	Uncertainty	ReqTime	ReqDur

Sound	4	other				172500	2			0
Sound	8	other				195822	2			0
Sound	4	other				219322	2			0
Sound	6	other				242721	2			0
Sound	4	other				266130	2			0
Sound	8	other				289520	2			0
Sound	4	other				313020	2			0
Sound	4	other				336420	2			0
Sound	4	other				359821	2			0
Sound	8	other				383221	2			0
Sound	4	other				407120	2			0
Sound	4	other				430519	2			0
Sound	4	other				453919	2			0
Sound	4	other				477319	2			0
Sound	4	other				500620	2			0
Sound	4	other				524019	2			0
Sound	4	other				547419	2			0
Sound	8	other				570819	2			0
Sound	4	other				594819	2			0
Sound	4	other				618218	2			0
Sound	4	other				641617	2			0
Sound	6	other				664918	2			0
Sound	4	other				688328	2			0
Sound	6	other				711718	2			0
Sound	4	other				735127	2			0
Sound	4	other				758517	2			0
Sound	4	other				781917	2			0
Sound	4	other				805316	2			0
Sound	4	other				828716	2			0
Sound	8	other				852017	2			0
Sound	4	other				875217	2			0
Sound	6	other				898616	2			0
Sound	4	other				922025	2			0
Sound	4	other				945416	2			0
Sound	4	other				968815	2			0
Sound	8	other				992215	2			0
Sound	4	other				1015815	2			0
Sound	4	other				1039215	2			0
Sound	4	other				1062615	2			0
Sound	4	other				1086015	2			0
Sound	4	other				1109415	2			0
Sound	4	other				1132814	2			0
Sound	4	other				1156213	2			0
Sound	4	other				1179614	2			0
Sound	4	other				1203014	2			0
Sound	4	other				1226414	2			0
Sound	4	other				1249814	2			0
Sound	6	other				1273214	2			0
Sound	4	other				1296623	1			0
Sound	8	other				1320013	2			0
Sound	4	other				1343112	2			0
Sound	6	other				1366413	2			0
Sound	4	other				1389822	1			0
Sound	8	other				1413213	2			0
Sound	4	other				1435813	2			0
Sound	6	other				1459212	2			0
Sound	4	other				1482620	2			0
Sound	4	other				1506011	2			0
Sound	4	other				1529411	2			0
Sound	4	other				1552812	2			0
Sound	4	other				1576212	2			0
Sound	6	other				1599611	2			0
Sound	4	other				1623020	2			0
Sound	6	other				1646410	2			0
Sound	4	other				1669819	2			0
Sound	8	other				1693210	2			0
Sound	4	other				1717010	2			0
Sound	6	other				1740411	2			0
Sound	4	other				1763820	2			0
Sound	4	other				1787210	2			0
Sound	4	other				1810609	2			0
Sound	4	other				1834010	2			0
Sound	4	other				1857418	2			0
Sound	4	other				1880818	2			0
Sound	4	other				1904226	2			0
Sound	4	other				1927618	2			0
Sound	4	other				1951008	2			0
Sound	4	other				1974418	2			0
Sound	4	other				1997816	2			0
Sound	8	other				2021225	2			0
Sound	4	other				2045316	2			0
Sound	4	other				2068717	2			0
Sound	4	other				2092108	2			0
Sound	4	other				2115526	2			0
Sound	4	other				2138917	2			0
Sound	6	other				2162307	2			0
Sound	4	other				2185715	2			0
Sound	4	other				2209106	2			0
Sound	4	other				2232506	2			0
Sound	4	other				2255907	2			0
Sound	4	other				2279306	2			0
Sound	8	other				2302706	2			0
Sound	4	other				2325206	2			0
Sound	4	other				2348605	2			0
Sound	4	other				2372005	2			0
Sound	4	other				2395404	2			0
Sound	4	other				2418805	2			0
Sound	4	other				2442205	2			0
Sound	4	other				2465605	2			0
Sound	4	other				2489004	2			0
Sound	4	other				2512405	2			0
Sound	4	other				2535804	2			0
Sound	4	other				2559204	2			0
Sound	4	other				2582603	2			0
Sound	4	other				2606004	2			0
Sound	8	other				2629404	2			0
Sound	4	other				2651904	2			0
Sound	4	other				2675304	2			0
Sound	4	other				2698703	2			0
Sound	6	other				2722103	2			0
Sound	4	other				2745513	1			0
Sound	4	other				2768902	2			0
Sound	4	other				2792302	2			0
Sound	4	other				2815702	2			0
Sound	4	other				2839102	2			0
Sound	8	other				2862502	2			0
Sound	4	other				2886102	2			0
Sound	4	other				2909501	2			0
Sound	4	other				2932901	2			0
Sound	4	other				2956302	2			0
Sound	4	other				2979702	2			0
Sound	4	other				3003101	2			0
Sound	4	other				3026501	2			0
Sound	6	other				3049900	2			0
Sound	4	other				3073309	2			0
Sound	4	other				3096700	2			0
Sound	4	other				3120100	2			0
Sound	4	other				3143500	2			0
Sound	4	other				3166900	2			0
Sound	4	other				3190300	2			0
