Scenario - oddball3
Logfile written - 05/25/2016 17:09:58

Subject	Trial	Event Type	Code	Time	TTime	Uncertainty	Duration	Uncertainty	ReqTime	ReqDur	Stim Type	Pair Index

PPN15-D3	1	Sound	26	173295	0	2			0		other	0
PPN15-D3	2	Response	1	187496	10839	2
PPN15-D3	3	Sound	24	196666	0	2			0		other	0
PPN15-D3	5	Sound	26	220057	0	2			0		other	0
PPN15-D3	6	Response	1	230848	7391	1
PPN15-D3	7	Sound	24	243466	0	2			0		other	0
PPN15-D3	9	Sound	26	266856	0	2			0		other	0
PPN15-D3	10	Response	1	273444	3188	1
PPN15-D3	11	Sound	24	290265	0	2			0		other	0
PPN15-D3	13	Sound	26	313656	0	2			0		other	0
PPN15-D3	14	Response	1	322203	5148	1
PPN15-D3	15	Sound	24	337064	0	2			0		other	0
PPN15-D3	17	Sound	26	360456	0	2			0		other	0
PPN15-D3	18	Response	1	371095	7239	1
PPN15-D3	18	Response	1	373023	9167	1
PPN15-D3	19	Sound	24	383865	0	2			0		other	0
PPN15-D3	21	Sound	24	407256	0	2			0		other	0
PPN15-D3	23	Sound	24	430655	0	2			0		other	0
PPN15-D3	25	Sound	28	454055	0	2			0		other	0
PPN15-D3	27	Sound	24	478154	0	2			0		other	0
PPN15-D3	29	Sound	24	501554	0	2			0		other	0
PPN15-D3	31	Sound	24	524955	0	2			0		other	0
PPN15-D3	33	Sound	28	548355	0	2			0		other	0
PPN15-D3	35	Sound	24	572355	0	2			0		other	0
PPN15-D3	37	Sound	28	595755	0	2			0		other	0
PPN15-D3	39	Sound	24	619753	0	2			0		other	0
PPN15-D3	41	Sound	24	643154	0	2			0		other	0
PPN15-D3	43	Sound	24	666553	0	2			0		other	0
PPN15-D3	45	Sound	24	689953	0	2			0		other	0
PPN15-D3	47	Sound	24	713354	0	2			0		other	0
PPN15-D3	49	Sound	24	736754	0	2			0		other	0
PPN15-D3	51	Sound	24	760153	0	2			0		other	0
PPN15-D3	53	Sound	28	783554	0	2			0		other	0
PPN15-D3	55	Sound	24	807352	0	2			0		other	0
PPN15-D3	57	Sound	24	830752	0	2			0		other	0
PPN15-D3	59	Sound	24	854152	0	2			0		other	0
PPN15-D3	61	Sound	24	877553	0	2			0		other	0
PPN15-D3	63	Sound	24	900952	0	2			0		other	0
PPN15-D3	65	Sound	24	924352	0	2			0		other	0
PPN15-D3	67	Sound	24	947752	0	2			0		other	0
PPN15-D3	69	Sound	24	971151	0	2			0		other	0
PPN15-D3	71	Sound	24	994551	0	2			0		other	0
PPN15-D3	73	Sound	24	1017951	0	2			0		other	0
PPN15-D3	75	Sound	24	1041350	0	2			0		other	0
PPN15-D3	77	Sound	24	1064651	0	2			0		other	0
PPN15-D3	79	Sound	24	1088051	0	2			0		other	0
PPN15-D3	81	Sound	28	1111450	0	2			0		other	0
PPN15-D3	83	Sound	24	1135350	0	2			0		other	0
PPN15-D3	85	Sound	24	1158750	0	2			0		other	0
PPN15-D3	87	Sound	24	1182150	0	2			0		other	0
PPN15-D3	89	Sound	28	1205549	0	2			0		other	0
PPN15-D3	91	Sound	24	1229550	0	2			0		other	0
PPN15-D3	93	Sound	24	1252950	0	2			0		other	0
PPN15-D3	95	Sound	24	1276349	0	2			0		other	0
PPN15-D3	97	Sound	24	1299750	0	2			0		other	0
PPN15-D3	99	Sound	24	1323148	0	2			0		other	0
PPN15-D3	101	Sound	24	1346549	0	2			0		other	0
PPN15-D3	103	Sound	24	1369948	0	2			0		other	0
PPN15-D3	105	Sound	24	1393348	0	2			0		other	0
PPN15-D3	107	Sound	24	1416749	0	2			0		other	0
PPN15-D3	109	Sound	26	1440148	0	2			0		other	0
PPN15-D3	110	Response	1	1451240	7692	1
PPN15-D3	111	Sound	24	1463558	0	2			0		other	0
PPN15-D3	113	Sound	24	1486948	0	2			0		other	0
PPN15-D3	115	Sound	24	1510347	0	2			0		other	0
PPN15-D3	117	Sound	26	1533748	0	2			0		other	0
PPN15-D3	118	Response	1	1541365	4218	1
PPN15-D3	119	Sound	24	1557157	0	2			0		other	0
PPN15-D3	121	Sound	24	1580547	0	2			0		other	0
PPN15-D3	123	Sound	24	1603947	0	2			0		other	0
PPN15-D3	125	Sound	24	1627347	0	2			0		other	0
PPN15-D3	127	Sound	24	1650747	0	2			0		other	0
PPN15-D3	129	Sound	24	1674146	0	2			0		other	0
PPN15-D3	131	Sound	24	1697546	0	2			0		other	0
PPN15-D3	133	Sound	24	1720946	0	2			0		other	0
PPN15-D3	135	Sound	24	1744345	0	2			0		other	0
PPN15-D3	137	Sound	26	1767646	0	2			0		other	0
PPN15-D3	138	Response	1	1776867	5821	1
PPN15-D3	139	Sound	24	1791055	0	2			0		other	0
PPN15-D3	141	Sound	24	1814445	0	2			0		other	0
PPN15-D3	143	Sound	24	1837844	0	2			0		other	0
PPN15-D3	145	Sound	24	1861244	0	2			0		other	0
PPN15-D3	147	Sound	24	1884645	0	2			0		other	0
PPN15-D3	149	Sound	26	1908044	0	2			0		other	0
PPN15-D3	150	Response	1	1919674	8230	1
PPN15-D3	151	Sound	24	1931453	0	2			0		other	0
PPN15-D3	153	Sound	28	1954844	0	2			0		other	0
PPN15-D3	155	Sound	24	1978544	0	2			0		other	0
PPN15-D3	157	Sound	24	2001944	0	2			0		other	0
PPN15-D3	159	Sound	24	2025344	0	2			0		other	0
PPN15-D3	161	Sound	24	2048743	0	2			0		other	0
PPN15-D3	163	Sound	24	2072143	0	2			0		other	0
PPN15-D3	165	Sound	26	2095543	0	2			0		other	0
PPN15-D3	166	Response	1	2108467	9624	1
PPN15-D3	167	Sound	24	2118852	0	2			0		other	0
PPN15-D3	169	Sound	24	2142243	0	2			0		other	0
PPN15-D3	171	Sound	24	2165643	0	2			0		other	0
PPN15-D3	173	Sound	28	2189042	0	2			0		other	0
PPN15-D3	175	Sound	24	2213042	0	2			0		other	0
PPN15-D3	177	Sound	24	2236442	0	2			0		other	0
PPN15-D3	179	Sound	24	2259842	0	2			0		other	0
PPN15-D3	180	Response	1	2276572	13330	1
PPN15-D3	180	Response	1	2281690	18448	1
PPN15-D3	181	Sound	28	2283251	0	2			0		other	0
PPN15-D3	182	Response	1	2288529	2887	1
PPN15-D3	182	Response	1	2292840	7198	1
PPN15-D3	182	Response	1	2296842	11200	1
PPN15-D3	182	Response	1	2298862	13220	1
PPN15-D3	183	Sound	24	2305651	0	2			0		other	0
PPN15-D3	185	Sound	24	2329042	0	2			0		other	0
PPN15-D3	187	Sound	24	2352442	0	2			0		other	0
PPN15-D3	189	Sound	28	2375841	0	2			0		other	0
PPN15-D3	191	Sound	24	2399840	0	2			0		other	0
PPN15-D3	193	Sound	24	2423240	0	2			0		other	0
PPN15-D3	195	Sound	24	2446640	0	2			0		other	0
PPN15-D3	197	Sound	26	2470041	0	2			0		other	0
PPN15-D3	199	Sound	24	2493440	0	2			0		other	0
PPN15-D3	201	Sound	26	2516841	0	2			0		other	0
PPN15-D3	203	Sound	24	2540240	0	2			0		other	0
PPN15-D3	205	Sound	24	2563640	0	2			0		other	0
PPN15-D3	207	Sound	24	2587040	0	2			0		other	0
PPN15-D3	209	Sound	24	2610439	0	2			0		other	0
PPN15-D3	211	Sound	24	2633839	0	2			0		other	0
PPN15-D3	213	Sound	24	2657240	0	2			0		other	0
PPN15-D3	214	Response	1	2680290	19650	1
PPN15-D3	215	Sound	24	2680649	0	2			0		other	0
PPN15-D3	216	Response	1	2685509	1470	2
PPN15-D3	217	Sound	24	2704048	0	2			0		other	0
PPN15-D3	219	Sound	24	2727438	0	2			0		other	0
PPN15-D3	221	Sound	28	2750838	0	2			0		other	0
PPN15-D3	223	Sound	24	2773938	0	2			0		other	0
PPN15-D3	225	Sound	24	2797338	0	2			0		other	0
PPN15-D3	227	Sound	24	2820738	0	2			0		other	0
PPN15-D3	229	Sound	24	2844138	0	2			0		other	0
PPN15-D3	231	Sound	24	2867538	0	2			0		other	0
PPN15-D3	233	Sound	28	2890937	0	2			0		other	0
PPN15-D3	235	Sound	24	2913937	0	2			0		other	0
PPN15-D3	237	Sound	24	2937337	0	2			0		other	0
PPN15-D3	239	Sound	24	2960736	0	2			0		other	0
PPN15-D3	241	Sound	24	2984037	0	2			0		other	0
PPN15-D3	243	Sound	24	3007436	0	2			0		other	0
PPN15-D3	245	Sound	28	3030736	0	2			0		other	0
PPN15-D3	247	Sound	24	3054337	0	2			0		other	0
PPN15-D3	249	Sound	24	3077736	0	2			0		other	0
PPN15-D3	251	Sound	24	3101136	0	2			0		other	0
PPN15-D3	253	Sound	24	3124535	0	2			0		other	0
PPN15-D3	255	Sound	24	3147935	0	2			0		other	0
PPN15-D3	257	Sound	26	3171236	0	2			0		other	0
PPN15-D3	258	Response	1	3177305	2670	1
PPN15-D3	259	Sound	24	3194645	0	2			0		other	0


Event Type	Code	Type	Response	RT	RT Uncertainty	Time	Uncertainty	Duration	Uncertainty	ReqTime	ReqDur

Sound	26	other				173295	2			0
Sound	24	other				196666	2			0
Sound	26	other				220057	2			0
Sound	24	other				243466	2			0
Sound	26	other				266856	2			0
Sound	24	other				290265	2			0
Sound	26	other				313656	2			0
Sound	24	other				337064	2			0
Sound	26	other				360456	2			0
Sound	24	other				383865	2			0
Sound	24	other				407256	2			0
Sound	24	other				430655	2			0
Sound	28	other				454055	2			0
Sound	24	other				478154	2			0
Sound	24	other				501554	2			0
Sound	24	other				524955	2			0
Sound	28	other				548355	2			0
Sound	24	other				572355	2			0
Sound	28	other				595755	2			0
Sound	24	other				619753	2			0
Sound	24	other				643154	2			0
Sound	24	other				666553	2			0
Sound	24	other				689953	2			0
Sound	24	other				713354	2			0
Sound	24	other				736754	2			0
Sound	24	other				760153	2			0
Sound	28	other				783554	2			0
Sound	24	other				807352	2			0
Sound	24	other				830752	2			0
Sound	24	other				854152	2			0
Sound	24	other				877553	2			0
Sound	24	other				900952	2			0
Sound	24	other				924352	2			0
Sound	24	other				947752	2			0
Sound	24	other				971151	2			0
Sound	24	other				994551	2			0
Sound	24	other				1017951	2			0
Sound	24	other				1041350	2			0
Sound	24	other				1064651	2			0
Sound	24	other				1088051	2			0
Sound	28	other				1111450	2			0
Sound	24	other				1135350	2			0
Sound	24	other				1158750	2			0
Sound	24	other				1182150	2			0
Sound	28	other				1205549	2			0
Sound	24	other				1229550	2			0
Sound	24	other				1252950	2			0
Sound	24	other				1276349	2			0
Sound	24	other				1299750	2			0
Sound	24	other				1323148	2			0
Sound	24	other				1346549	2			0
Sound	24	other				1369948	2			0
Sound	24	other				1393348	2			0
Sound	24	other				1416749	2			0
Sound	26	other				1440148	2			0
Sound	24	other				1463558	2			0
Sound	24	other				1486948	2			0
Sound	24	other				1510347	2			0
Sound	26	other				1533748	2			0
Sound	24	other				1557157	2			0
Sound	24	other				1580547	2			0
Sound	24	other				1603947	2			0
Sound	24	other				1627347	2			0
Sound	24	other				1650747	2			0
Sound	24	other				1674146	2			0
Sound	24	other				1697546	2			0
Sound	24	other				1720946	2			0
Sound	24	other				1744345	2			0
Sound	26	other				1767646	2			0
Sound	24	other				1791055	2			0
Sound	24	other				1814445	2			0
Sound	24	other				1837844	2			0
Sound	24	other				1861244	2			0
Sound	24	other				1884645	2			0
Sound	26	other				1908044	2			0
Sound	24	other				1931453	2			0
Sound	28	other				1954844	2			0
Sound	24	other				1978544	2			0
Sound	24	other				2001944	2			0
Sound	24	other				2025344	2			0
Sound	24	other				2048743	2			0
Sound	24	other				2072143	2			0
Sound	26	other				2095543	2			0
Sound	24	other				2118852	2			0
Sound	24	other				2142243	2			0
Sound	24	other				2165643	2			0
Sound	28	other				2189042	2			0
Sound	24	other				2213042	2			0
Sound	24	other				2236442	2			0
Sound	24	other				2259842	2			0
Sound	28	other				2283251	2			0
Sound	24	other				2305651	2			0
Sound	24	other				2329042	2			0
Sound	24	other				2352442	2			0
Sound	28	other				2375841	2			0
Sound	24	other				2399840	2			0
Sound	24	other				2423240	2			0
Sound	24	other				2446640	2			0
Sound	26	other				2470041	2			0
Sound	24	other				2493440	2			0
Sound	26	other				2516841	2			0
Sound	24	other				2540240	2			0
Sound	24	other				2563640	2			0
Sound	24	other				2587040	2			0
Sound	24	other				2610439	2			0
Sound	24	other				2633839	2			0
Sound	24	other				2657240	2			0
Sound	24	other				2680649	2			0
Sound	24	other				2704048	2			0
Sound	24	other				2727438	2			0
Sound	28	other				2750838	2			0
Sound	24	other				2773938	2			0
Sound	24	other				2797338	2			0
Sound	24	other				2820738	2			0
Sound	24	other				2844138	2			0
Sound	24	other				2867538	2			0
Sound	28	other				2890937	2			0
Sound	24	other				2913937	2			0
Sound	24	other				2937337	2			0
Sound	24	other				2960736	2			0
Sound	24	other				2984037	2			0
Sound	24	other				3007436	2			0
Sound	28	other				3030736	2			0
Sound	24	other				3054337	2			0
Sound	24	other				3077736	2			0
Sound	24	other				3101136	2			0
Sound	24	other				3124535	2			0
Sound	24	other				3147935	2			0
Sound	26	other				3171236	2			0
Sound	24	other				3194645	2			0
