Scenario - oddball3
Logfile written - 05/20/2016 18:16:48

Subject	Trial	Event Type	Code	Time	TTime	Uncertainty	Duration	Uncertainty	ReqTime	ReqDur	Stim Type	Pair Index

PPN11-D4	1	Sound	28	176428	0	2			0		other	0
PPN11-D4	3	Sound	24	200451	0	2			0		other	0
PPN11-D4	4	Response	1	206839	2989	1
PPN11-D4	5	Sound	26	223904	0	2			0		other	0
PPN11-D4	6	Response	1	228216	966	1
PPN11-D4	7	Sound	24	247316	0	2			0		other	0
PPN11-D4	9	Sound	24	270650	0	2			0		other	0
PPN11-D4	11	Sound	24	294049	0	2			0		other	0
PPN11-D4	13	Sound	24	317448	0	2			0		other	0
PPN11-D4	15	Sound	24	340847	0	2			0		other	0
PPN11-D4	17	Sound	24	364247	0	2			0		other	0
PPN11-D4	19	Sound	24	387648	0	2			0		other	0
PPN11-D4	21	Sound	24	411046	0	2			0		other	0
PPN11-D4	23	Sound	24	434446	0	2			0		other	0
PPN11-D4	25	Sound	24	457846	0	2			0		other	0
PPN11-D4	27	Sound	24	481245	0	2			0		other	0
PPN11-D4	29	Sound	28	504643	0	2			0		other	0
PPN11-D4	31	Sound	24	528343	0	2			0		other	0
PPN11-D4	33	Sound	24	551743	0	2			0		other	0
PPN11-D4	35	Sound	24	575142	0	2			0		other	0
PPN11-D4	37	Sound	26	598542	0	2			0		other	0
PPN11-D4	38	Response	1	604592	2650	1
PPN11-D4	39	Sound	24	622009	0	2			0		other	0
PPN11-D4	41	Sound	24	645340	0	2			0		other	0
PPN11-D4	43	Sound	24	668740	0	2			0		other	0
PPN11-D4	45	Sound	26	692140	0	2			0		other	0
PPN11-D4	46	Response	1	699298	3759	1
PPN11-D4	46	Response	1	707935	12396	1
PPN11-D4	47	Sound	24	715604	0	2			0		other	0
PPN11-D4	49	Sound	26	738939	0	2			0		other	0
PPN11-D4	50	Response	1	744398	2059	1
PPN11-D4	51	Sound	24	762405	0	2			0		other	0
PPN11-D4	53	Sound	24	785738	0	2			0		other	0
PPN11-D4	55	Sound	24	809137	0	2			0		other	0
PPN11-D4	57	Sound	26	832536	0	2			0		other	0
PPN11-D4	58	Response	1	837206	1271	1
PPN11-D4	59	Sound	24	856003	0	2			0		other	0
PPN11-D4	61	Sound	26	879335	0	2			0		other	0
PPN11-D4	62	Response	1	886838	4103	1
PPN11-D4	63	Sound	24	902801	0	2			0		other	0
PPN11-D4	65	Sound	24	926134	0	2			0		other	0
PPN11-D4	67	Sound	24	949533	0	2			0		other	0
PPN11-D4	69	Sound	24	972933	0	2			0		other	0
PPN11-D4	71	Sound	24	996332	0	2			0		other	0
PPN11-D4	73	Sound	24	1019732	0	2			0		other	0
PPN11-D4	75	Sound	24	1043131	0	2			0		other	0
PPN11-D4	77	Sound	24	1066530	0	2			0		other	0
PPN11-D4	79	Sound	24	1089931	0	2			0		other	0
PPN11-D4	81	Sound	24	1113330	0	2			0		other	0
PPN11-D4	83	Sound	24	1136729	0	2			0		other	0
PPN11-D4	85	Sound	28	1160129	0	2			0		other	0
PPN11-D4	87	Sound	24	1182827	0	2			0		other	0
PPN11-D4	89	Sound	26	1206227	0	2			0		other	0
PPN11-D4	90	Response	1	1211908	2282	1
PPN11-D4	91	Sound	24	1229692	0	2			0		other	0
PPN11-D4	93	Sound	26	1253026	0	2			0		other	0
PPN11-D4	94	Response	1	1258257	1831	1
PPN11-D4	95	Sound	24	1276494	0	2			0		other	0
PPN11-D4	97	Sound	28	1299825	0	2			0		other	0
PPN11-D4	99	Sound	24	1323425	0	2			0		other	0
PPN11-D4	101	Sound	24	1346824	0	2			0		other	0
PPN11-D4	103	Sound	24	1370223	0	2			0		other	0
PPN11-D4	105	Sound	24	1393622	0	2			0		other	0
PPN11-D4	107	Sound	24	1417022	0	2			0		other	0
PPN11-D4	109	Sound	28	1440422	0	2			0		other	0
PPN11-D4	111	Sound	24	1463722	0	2			0		other	0
PPN11-D4	113	Sound	26	1487120	0	2			0		other	0
PPN11-D4	114	Response	1	1492550	2029	1
PPN11-D4	114	Response	1	1497269	6748	1
PPN11-D4	115	Sound	24	1510586	0	2			0		other	0
PPN11-D4	117	Sound	24	1533919	0	2			0		other	0
PPN11-D4	119	Sound	24	1557319	0	2			0		other	0
PPN11-D4	121	Sound	24	1580718	0	2			0		other	0
PPN11-D4	123	Sound	24	1604118	0	2			0		other	0
PPN11-D4	125	Sound	24	1627518	0	2			0		other	0
PPN11-D4	127	Sound	24	1650917	0	2			0		other	0
PPN11-D4	129	Sound	26	1674317	0	2			0		other	0
PPN11-D4	130	Response	1	1679465	1749	2
PPN11-D4	131	Sound	24	1697784	0	2			0		other	0
PPN11-D4	133	Sound	24	1721115	0	2			0		other	0
PPN11-D4	135	Sound	24	1744514	0	2			0		other	0
PPN11-D4	137	Sound	24	1767913	0	2			0		other	0
PPN11-D4	139	Sound	24	1791314	0	2			0		other	0
PPN11-D4	141	Sound	24	1814714	0	2			0		other	0
PPN11-D4	143	Sound	24	1838113	0	2			0		other	0
PPN11-D4	145	Sound	24	1861513	0	2			0		other	0
PPN11-D4	147	Sound	24	1884911	0	2			0		other	0
PPN11-D4	149	Sound	24	1908311	0	2			0		other	0
PPN11-D4	151	Sound	24	1931710	0	2			0		other	0
PPN11-D4	153	Sound	24	1955110	0	2			0		other	0
PPN11-D4	155	Sound	24	1978510	0	2			0		other	0
PPN11-D4	157	Sound	24	2001909	0	2			0		other	0
PPN11-D4	159	Sound	24	2025308	0	2			0		other	0
PPN11-D4	161	Sound	28	2048708	0	2			0		other	0
PPN11-D4	163	Sound	24	2072107	0	2			0		other	0
PPN11-D4	165	Sound	24	2095506	0	2			0		other	0
PPN11-D4	167	Sound	24	2118905	0	2			0		other	0
PPN11-D4	169	Sound	24	2142306	0	2			0		other	0
PPN11-D4	171	Sound	24	2165704	0	2			0		other	0
PPN11-D4	173	Sound	24	2189104	0	2			0		other	0
PPN11-D4	175	Sound	24	2212503	0	2			0		other	0
PPN11-D4	177	Sound	28	2235903	0	2			0		other	0
PPN11-D4	178	Response	1	2246944	8642	1
PPN11-D4	179	Sound	24	2258367	0	2			0		other	0
PPN11-D4	181	Sound	24	2281702	0	2			0		other	0
PPN11-D4	183	Sound	24	2305101	0	2			0		other	0
PPN11-D4	185	Sound	28	2328501	0	2			0		other	0
PPN11-D4	187	Sound	24	2352300	0	2			0		other	0
PPN11-D4	189	Sound	24	2375700	0	2			0		other	0
PPN11-D4	191	Sound	24	2399099	0	2			0		other	0
PPN11-D4	193	Sound	28	2422498	0	2			0		other	0
PPN11-D4	195	Sound	24	2444698	0	2			0		other	0
PPN11-D4	197	Sound	24	2468097	0	2			0		other	0
PPN11-D4	199	Sound	24	2491497	0	2			0		other	0
PPN11-D4	201	Sound	28	2514896	0	2			0		other	0
PPN11-D4	203	Sound	24	2538996	0	2			0		other	0
PPN11-D4	205	Sound	24	2562395	0	2			0		other	0
PPN11-D4	207	Sound	24	2585794	0	2			0		other	0
PPN11-D4	209	Sound	24	2609194	0	2			0		other	0
PPN11-D4	211	Sound	24	2632593	0	2			0		other	0
PPN11-D4	213	Sound	26	2655993	0	2			0		other	0
PPN11-D4	214	Response	1	2661658	2265	1
PPN11-D4	215	Sound	24	2679461	0	2			0		other	0
PPN11-D4	217	Sound	24	2702792	0	2			0		other	0
PPN11-D4	219	Sound	24	2726192	0	2			0		other	0
PPN11-D4	221	Sound	26	2749590	0	2			0		other	0
PPN11-D4	222	Response	1	2755870	2880	2
PPN11-D4	223	Sound	24	2773056	0	2			0		other	0
PPN11-D4	225	Sound	26	2796390	0	2			0		other	0
PPN11-D4	226	Response	1	2801863	2074	1
PPN11-D4	227	Sound	24	2819855	0	2			0		other	0
PPN11-D4	229	Sound	24	2843189	0	2			0		other	0
PPN11-D4	231	Sound	24	2866588	0	2			0		other	0
PPN11-D4	233	Sound	24	2889987	0	2			0		other	0
PPN11-D4	233	Response	1	2890312	325	2
PPN11-D4	235	Sound	24	2913452	0	2			0		other	0
PPN11-D4	237	Sound	24	2936786	0	2			0		other	0
PPN11-D4	239	Sound	24	2960186	0	2			0		other	0
PPN11-D4	241	Sound	28	2983585	0	2			0		other	0
PPN11-D4	243	Sound	24	3007184	0	2			0		other	0
PPN11-D4	245	Sound	24	3030585	0	2			0		other	0
PPN11-D4	247	Sound	24	3053984	0	2			0		other	0
PPN11-D4	249	Sound	28	3077383	0	2			0		other	0
PPN11-D4	251	Sound	24	3100582	0	2			0		other	0
PPN11-D4	253	Sound	28	3123981	0	2			0		other	0
PPN11-D4	255	Sound	24	3147581	0	2			0		other	0
PPN11-D4	257	Sound	24	3170980	0	2			0		other	0
PPN11-D4	259	Sound	24	3194380	0	2			0		other	0


Event Type	Code	Type	Response	RT	RT Uncertainty	Time	Uncertainty	Duration	Uncertainty	ReqTime	ReqDur

Sound	28	other				176428	2			0
Sound	24	other				200451	2			0
Sound	26	other				223904	2			0
Sound	24	other				247316	2			0
Sound	24	other				270650	2			0
Sound	24	other				294049	2			0
Sound	24	other				317448	2			0
Sound	24	other				340847	2			0
Sound	24	other				364247	2			0
Sound	24	other				387648	2			0
Sound	24	other				411046	2			0
Sound	24	other				434446	2			0
Sound	24	other				457846	2			0
Sound	24	other				481245	2			0
Sound	28	other				504643	2			0
Sound	24	other				528343	2			0
Sound	24	other				551743	2			0
Sound	24	other				575142	2			0
Sound	26	other				598542	2			0
Sound	24	other				622009	2			0
Sound	24	other				645340	2			0
Sound	24	other				668740	2			0
Sound	26	other				692140	2			0
Sound	24	other				715604	2			0
Sound	26	other				738939	2			0
Sound	24	other				762405	2			0
Sound	24	other				785738	2			0
Sound	24	other				809137	2			0
Sound	26	other				832536	2			0
Sound	24	other				856003	2			0
Sound	26	other				879335	2			0
Sound	24	other				902801	2			0
Sound	24	other				926134	2			0
Sound	24	other				949533	2			0
Sound	24	other				972933	2			0
Sound	24	other				996332	2			0
Sound	24	other				1019732	2			0
Sound	24	other				1043131	2			0
Sound	24	other				1066530	2			0
Sound	24	other				1089931	2			0
Sound	24	other				1113330	2			0
Sound	24	other				1136729	2			0
Sound	28	other				1160129	2			0
Sound	24	other				1182827	2			0
Sound	26	other				1206227	2			0
Sound	24	other				1229692	2			0
Sound	26	other				1253026	2			0
Sound	24	other				1276494	2			0
Sound	28	other				1299825	2			0
Sound	24	other				1323425	2			0
Sound	24	other				1346824	2			0
Sound	24	other				1370223	2			0
Sound	24	other				1393622	2			0
Sound	24	other				1417022	2			0
Sound	28	other				1440422	2			0
Sound	24	other				1463722	2			0
Sound	26	other				1487120	2			0
Sound	24	other				1510586	2			0
Sound	24	other				1533919	2			0
Sound	24	other				1557319	2			0
Sound	24	other				1580718	2			0
Sound	24	other				1604118	2			0
Sound	24	other				1627518	2			0
Sound	24	other				1650917	2			0
Sound	26	other				1674317	2			0
Sound	24	other				1697784	2			0
Sound	24	other				1721115	2			0
Sound	24	other				1744514	2			0
Sound	24	other				1767913	2			0
Sound	24	other				1791314	2			0
Sound	24	other				1814714	2			0
Sound	24	other				1838113	2			0
Sound	24	other				1861513	2			0
Sound	24	other				1884911	2			0
Sound	24	other				1908311	2			0
Sound	24	other				1931710	2			0
Sound	24	other				1955110	2			0
Sound	24	other				1978510	2			0
Sound	24	other				2001909	2			0
Sound	24	other				2025308	2			0
Sound	28	other				2048708	2			0
Sound	24	other				2072107	2			0
Sound	24	other				2095506	2			0
Sound	24	other				2118905	2			0
Sound	24	other				2142306	2			0
Sound	24	other				2165704	2			0
Sound	24	other				2189104	2			0
Sound	24	other				2212503	2			0
Sound	28	other				2235903	2			0
Sound	24	other				2258367	2			0
Sound	24	other				2281702	2			0
Sound	24	other				2305101	2			0
Sound	28	other				2328501	2			0
Sound	24	other				2352300	2			0
Sound	24	other				2375700	2			0
Sound	24	other				2399099	2			0
Sound	28	other				2422498	2			0
Sound	24	other				2444698	2			0
Sound	24	other				2468097	2			0
Sound	24	other				2491497	2			0
Sound	28	other				2514896	2			0
Sound	24	other				2538996	2			0
Sound	24	other				2562395	2			0
Sound	24	other				2585794	2			0
Sound	24	other				2609194	2			0
Sound	24	other				2632593	2			0
Sound	26	other				2655993	2			0
Sound	24	other				2679461	2			0
Sound	24	other				2702792	2			0
Sound	24	other				2726192	2			0
Sound	26	other				2749590	2			0
Sound	24	other				2773056	2			0
Sound	26	other				2796390	2			0
Sound	24	other				2819855	2			0
Sound	24	other				2843189	2			0
Sound	24	other				2866588	2			0
Sound	24	other				2889987	2			0
Sound	24	other				2913452	2			0
Sound	24	other				2936786	2			0
Sound	24	other				2960186	2			0
Sound	28	other				2983585	2			0
Sound	24	other				3007184	2			0
Sound	24	other				3030585	2			0
Sound	24	other				3053984	2			0
Sound	28	other				3077383	2			0
Sound	24	other				3100582	2			0
Sound	28	other				3123981	2			0
Sound	24	other				3147581	2			0
Sound	24	other				3170980	2			0
Sound	24	other				3194380	2			0
