Scenario - oddball3
Logfile written - 05/23/2016 13:47:55

Subject	Trial	Event Type	Code	Time	TTime	Uncertainty	Duration	Uncertainty	ReqTime	ReqDur	Stim Type	Pair Index

PPN12-S1	1	Sound	4	175190	0	2			0		other	0
PPN12-S1	3	Sound	4	198524	0	2			0		other	0
PPN12-S1	5	Sound	4	221923	0	2			0		other	0
PPN12-S1	7	Sound	4	245323	0	2			0		other	0
PPN12-S1	9	Sound	4	268723	0	2			0		other	0
PPN12-S1	11	Sound	4	292122	0	2			0		other	0
PPN12-S1	13	Sound	4	315522	0	2			0		other	0
PPN12-S1	15	Sound	4	338921	0	1			0		other	0
PPN12-S1	17	Sound	8	362319	0	2			0		other	0
PPN12-S1	19	Sound	4	385819	0	1			0		other	0
PPN12-S1	21	Sound	4	409218	0	2			0		other	0
PPN12-S1	23	Sound	4	432619	0	1			0		other	0
PPN12-S1	25	Sound	4	456018	0	1			0		other	0
PPN12-S1	27	Sound	4	479417	0	2			0		other	0
PPN12-S1	29	Sound	8	502817	0	2			0		other	0
PPN12-S1	31	Sound	4	526616	0	1			0		other	0
PPN12-S1	33	Sound	4	550015	0	1			0		other	0
PPN12-S1	35	Sound	4	573414	0	2			0		other	0
PPN12-S1	37	Sound	6	596814	0	1			0		other	0
PPN12-S1	39	Sound	4	620214	0	2			0		other	0
PPN12-S1	41	Sound	4	643614	0	1			0		other	0
PPN12-S1	43	Sound	4	667013	0	1			0		other	0
PPN12-S1	45	Sound	4	690412	0	2			0		other	0
PPN12-S1	47	Sound	4	713811	0	1			0		other	0
PPN12-S1	49	Sound	4	737211	0	1			0		other	0
PPN12-S1	51	Sound	4	760610	0	1			0		other	0
PPN12-S1	53	Sound	4	784010	0	1			0		other	0
PPN12-S1	55	Sound	4	807409	0	1			0		other	0
PPN12-S1	57	Sound	8	830810	0	1			0		other	0
PPN12-S1	59	Sound	4	853609	0	1			0		other	0
PPN12-S1	61	Sound	4	877007	0	2			0		other	0
PPN12-S1	63	Sound	4	900407	0	2			0		other	0
PPN12-S1	65	Sound	4	923806	0	2			0		other	0
PPN12-S1	67	Sound	4	947206	0	1			0		other	0
PPN12-S1	69	Sound	4	970605	0	1			0		other	0
PPN12-S1	71	Sound	4	994005	0	1			0		other	0
PPN12-S1	73	Sound	4	1017405	0	2			0		other	0
PPN12-S1	75	Sound	4	1040804	0	1			0		other	0
PPN12-S1	77	Sound	4	1064203	0	1			0		other	0
PPN12-S1	79	Sound	4	1087602	0	1			0		other	0
PPN12-S1	81	Sound	8	1111002	0	2			0		other	0
PPN12-S1	83	Sound	4	1135102	0	2			0		other	0
PPN12-S1	85	Sound	4	1158501	0	1			0		other	0
PPN12-S1	87	Sound	4	1181901	0	2			0		other	0
PPN12-S1	89	Sound	8	1205300	0	2			0		other	0
PPN12-S1	91	Sound	4	1229299	0	1			0		other	0
PPN12-S1	93	Sound	4	1252699	0	1			0		other	0
PPN12-S1	95	Sound	4	1276098	0	1			0		other	0
PPN12-S1	97	Sound	6	1299497	0	2			0		other	0
PPN12-S1	99	Sound	4	1322897	0	2			0		other	0
PPN12-S1	101	Sound	6	1346297	0	2			0		other	0
PPN12-S1	103	Sound	4	1369697	0	1			0		other	0
PPN12-S1	105	Sound	8	1393096	0	1			0		other	0
PPN12-S1	107	Sound	4	1417094	0	2			0		other	0
PPN12-S1	109	Sound	4	1440494	0	2			0		other	0
PPN12-S1	111	Sound	4	1463893	0	1			0		other	0
PPN12-S1	113	Sound	4	1487193	0	2			0		other	0
PPN12-S1	115	Sound	4	1510592	0	1			0		other	0
PPN12-S1	117	Sound	4	1533992	0	2			0		other	0
PPN12-S1	119	Sound	4	1557392	0	2			0		other	0
PPN12-S1	121	Sound	8	1580790	0	2			0		other	0
PPN12-S1	123	Sound	4	1604890	0	2			0		other	0
PPN12-S1	125	Sound	4	1628289	0	1			0		other	0
PPN12-S1	127	Sound	4	1651689	0	2			0		other	0
PPN12-S1	129	Sound	8	1675089	0	1			0		other	0
PPN12-S1	131	Sound	4	1698788	0	1			0		other	0
PPN12-S1	133	Sound	6	1722188	0	2			0		other	0
PPN12-S1	135	Sound	4	1745587	0	1			0		other	0
PPN12-S1	137	Sound	6	1768986	0	1			0		other	0
PPN12-S1	139	Sound	4	1792386	0	1			0		other	0
PPN12-S1	141	Sound	4	1815785	0	1			0		other	0
PPN12-S1	143	Sound	4	1839185	0	1			0		other	0
PPN12-S1	145	Sound	8	1862585	0	1			0		other	0
PPN12-S1	147	Sound	4	1886484	0	2			0		other	0
PPN12-S1	149	Sound	4	1909884	0	2			0		other	0
PPN12-S1	151	Sound	4	1933282	0	1			0		other	0
PPN12-S1	153	Sound	4	1956681	0	2			0		other	0
PPN12-S1	155	Sound	4	1980081	0	1			0		other	0
PPN12-S1	157	Sound	8	2003481	0	1			0		other	0
PPN12-S1	159	Sound	4	2026480	0	1			0		other	0
PPN12-S1	161	Sound	6	2049880	0	1			0		other	0
PPN12-S1	163	Sound	4	2073280	0	2			0		other	0
PPN12-S1	165	Sound	6	2096678	0	2			0		other	0
PPN12-S1	167	Sound	4	2120078	0	2			0		other	0
PPN12-S1	169	Sound	6	2143477	0	1			0		other	0
PPN12-S1	171	Sound	4	2166877	0	1			0		other	0
PPN12-S1	173	Sound	6	2190277	0	2			0		other	0
PPN12-S1	175	Sound	4	2213676	0	2			0		other	0
PPN12-S1	177	Sound	8	2237076	0	2			0		other	0
PPN12-S1	179	Sound	4	2260175	0	2			0		other	0
PPN12-S1	181	Sound	4	2283574	0	2			0		other	0
PPN12-S1	183	Sound	4	2306974	0	1			0		other	0
PPN12-S1	185	Sound	8	2330373	0	1			0		other	0
PPN12-S1	187	Sound	4	2353272	0	1			0		other	0
PPN12-S1	189	Sound	4	2376672	0	1			0		other	0
PPN12-S1	191	Sound	4	2400072	0	1			0		other	0
PPN12-S1	193	Sound	4	2423471	0	2			0		other	0
PPN12-S1	195	Sound	4	2446870	0	2			0		other	0
PPN12-S1	197	Sound	4	2470269	0	1			0		other	0
PPN12-S1	199	Sound	4	2493670	0	2			0		other	0
PPN12-S1	201	Sound	6	2517068	0	1			0		other	0
PPN12-S1	203	Sound	4	2540368	0	1			0		other	0
PPN12-S1	205	Sound	4	2563768	0	1			0		other	0
PPN12-S1	207	Sound	4	2587167	0	2			0		other	0
PPN12-S1	209	Sound	4	2610566	0	2			0		other	0
PPN12-S1	211	Sound	4	2633965	0	2			0		other	0
PPN12-S1	213	Sound	4	2657365	0	2			0		other	0
PPN12-S1	215	Sound	4	2680764	0	1			0		other	0
PPN12-S1	217	Sound	4	2704164	0	1			0		other	0
PPN12-S1	219	Sound	4	2727564	0	1			0		other	0
PPN12-S1	221	Sound	6	2750964	0	1			0		other	0
PPN12-S1	223	Sound	4	2774363	0	2			0		other	0
PPN12-S1	225	Sound	6	2797762	0	2			0		other	0
PPN12-S1	227	Sound	4	2821161	0	2			0		other	0
PPN12-S1	229	Sound	4	2844560	0	1			0		other	0
PPN12-S1	231	Sound	4	2867960	0	2			0		other	0
PPN12-S1	233	Sound	4	2891360	0	1			0		other	0
PPN12-S1	235	Sound	4	2914760	0	1			0		other	0
PPN12-S1	237	Sound	4	2938159	0	2			0		other	0
PPN12-S1	239	Sound	4	2961559	0	2			0		other	0
PPN12-S1	241	Sound	4	2984957	0	2			0		other	0
PPN12-S1	243	Sound	4	3008357	0	1			0		other	0
PPN12-S1	245	Sound	4	3031756	0	2			0		other	0
PPN12-S1	247	Sound	4	3055156	0	1			0		other	0
PPN12-S1	249	Sound	4	3078555	0	2			0		other	0
PPN12-S1	251	Sound	4	3101955	0	2			0		other	0
PPN12-S1	253	Sound	6	3125355	0	2			0		other	0
PPN12-S1	255	Sound	4	3148754	0	1			0		other	0
PPN12-S1	257	Sound	8	3172153	0	2			0		other	0
PPN12-S1	259	Sound	4	3195652	0	1			0		other	0


Event Type	Code	Type	Response	RT	RT Uncertainty	Time	Uncertainty	Duration	Uncertainty	ReqTime	ReqDur

Sound	4	other				175190	2			0
Sound	4	other				198524	2			0
Sound	4	other				221923	2			0
Sound	4	other				245323	2			0
Sound	4	other				268723	2			0
Sound	4	other				292122	2			0
Sound	4	other				315522	2			0
Sound	4	other				338921	1			0
Sound	8	other				362319	2			0
Sound	4	other				385819	1			0
Sound	4	other				409218	2			0
Sound	4	other				432619	1			0
Sound	4	other				456018	1			0
Sound	4	other				479417	2			0
Sound	8	other				502817	2			0
Sound	4	other				526616	1			0
Sound	4	other				550015	1			0
Sound	4	other				573414	2			0
Sound	6	other				596814	1			0
Sound	4	other				620214	2			0
Sound	4	other				643614	1			0
Sound	4	other				667013	1			0
Sound	4	other				690412	2			0
Sound	4	other				713811	1			0
Sound	4	other				737211	1			0
Sound	4	other				760610	1			0
Sound	4	other				784010	1			0
Sound	4	other				807409	1			0
Sound	8	other				830810	1			0
Sound	4	other				853609	1			0
Sound	4	other				877007	2			0
Sound	4	other				900407	2			0
Sound	4	other				923806	2			0
Sound	4	other				947206	1			0
Sound	4	other				970605	1			0
Sound	4	other				994005	1			0
Sound	4	other				1017405	2			0
Sound	4	other				1040804	1			0
Sound	4	other				1064203	1			0
Sound	4	other				1087602	1			0
Sound	8	other				1111002	2			0
Sound	4	other				1135102	2			0
Sound	4	other				1158501	1			0
Sound	4	other				1181901	2			0
Sound	8	other				1205300	2			0
Sound	4	other				1229299	1			0
Sound	4	other				1252699	1			0
Sound	4	other				1276098	1			0
Sound	6	other				1299497	2			0
Sound	4	other				1322897	2			0
Sound	6	other				1346297	2			0
Sound	4	other				1369697	1			0
Sound	8	other				1393096	1			0
Sound	4	other				1417094	2			0
Sound	4	other				1440494	2			0
Sound	4	other				1463893	1			0
Sound	4	other				1487193	2			0
Sound	4	other				1510592	1			0
Sound	4	other				1533992	2			0
Sound	4	other				1557392	2			0
Sound	8	other				1580790	2			0
Sound	4	other				1604890	2			0
Sound	4	other				1628289	1			0
Sound	4	other				1651689	2			0
Sound	8	other				1675089	1			0
Sound	4	other				1698788	1			0
Sound	6	other				1722188	2			0
Sound	4	other				1745587	1			0
Sound	6	other				1768986	1			0
Sound	4	other				1792386	1			0
Sound	4	other				1815785	1			0
Sound	4	other				1839185	1			0
Sound	8	other				1862585	1			0
Sound	4	other				1886484	2			0
Sound	4	other				1909884	2			0
Sound	4	other				1933282	1			0
Sound	4	other				1956681	2			0
Sound	4	other				1980081	1			0
Sound	8	other				2003481	1			0
Sound	4	other				2026480	1			0
Sound	6	other				2049880	1			0
Sound	4	other				2073280	2			0
Sound	6	other				2096678	2			0
Sound	4	other				2120078	2			0
Sound	6	other				2143477	1			0
Sound	4	other				2166877	1			0
Sound	6	other				2190277	2			0
Sound	4	other				2213676	2			0
Sound	8	other				2237076	2			0
Sound	4	other				2260175	2			0
Sound	4	other				2283574	2			0
Sound	4	other				2306974	1			0
Sound	8	other				2330373	1			0
Sound	4	other				2353272	1			0
Sound	4	other				2376672	1			0
Sound	4	other				2400072	1			0
Sound	4	other				2423471	2			0
Sound	4	other				2446870	2			0
Sound	4	other				2470269	1			0
Sound	4	other				2493670	2			0
Sound	6	other				2517068	1			0
Sound	4	other				2540368	1			0
Sound	4	other				2563768	1			0
Sound	4	other				2587167	2			0
Sound	4	other				2610566	2			0
Sound	4	other				2633965	2			0
Sound	4	other				2657365	2			0
Sound	4	other				2680764	1			0
Sound	4	other				2704164	1			0
Sound	4	other				2727564	1			0
Sound	6	other				2750964	1			0
Sound	4	other				2774363	2			0
Sound	6	other				2797762	2			0
Sound	4	other				2821161	2			0
Sound	4	other				2844560	1			0
Sound	4	other				2867960	2			0
Sound	4	other				2891360	1			0
Sound	4	other				2914760	1			0
Sound	4	other				2938159	2			0
Sound	4	other				2961559	2			0
Sound	4	other				2984957	2			0
Sound	4	other				3008357	1			0
Sound	4	other				3031756	2			0
Sound	4	other				3055156	1			0
Sound	4	other				3078555	2			0
Sound	4	other				3101955	2			0
Sound	6	other				3125355	2			0
Sound	4	other				3148754	1			0
Sound	8	other				3172153	2			0
Sound	4	other				3195652	1			0
