Scenario - oddball3
Logfile written - 05/12/2016 11:14:15

Subject	Trial	Event Type	Code	Time	TTime	Uncertainty	Duration	Uncertainty	ReqTime	ReqDur	Stim Type	Pair Index

12meiPPN3S3	1	Sound	8	174900	0	2			0		other	0
12meiPPN3S3	3	Sound	4	197937	0	2			0		other	0
12meiPPN3S3	5	Sound	4	221336	0	2			0		other	0
12meiPPN3S3	7	Sound	4	244736	0	2			0		other	0
12meiPPN3S3	9	Sound	6	268136	0	2			0		other	0
12meiPPN3S3	10	Response	1	273488	1952	1
12meiPPN3S3	11	Sound	4	291545	0	2			0		other	0
12meiPPN3S3	13	Sound	6	314935	0	2			0		other	0
12meiPPN3S3	14	Response	1	320223	1890	1
12meiPPN3S3	15	Sound	4	338342	0	2			0		other	0
12meiPPN3S3	17	Sound	4	361733	0	2			0		other	0
12meiPPN3S3	19	Sound	4	385132	0	2			0		other	0
12meiPPN3S3	21	Sound	4	408531	0	2			0		other	0
12meiPPN3S3	23	Sound	4	431932	0	2			0		other	0
12meiPPN3S3	25	Sound	4	455332	0	2			0		other	0
12meiPPN3S3	27	Sound	4	478731	0	2			0		other	0
12meiPPN3S3	29	Sound	4	502131	0	2			0		other	0
12meiPPN3S3	31	Sound	4	525529	0	2			0		other	0
12meiPPN3S3	33	Sound	4	548929	0	2			0		other	0
12meiPPN3S3	35	Sound	4	572328	0	2			0		other	0
12meiPPN3S3	37	Sound	8	595728	0	2			0		other	0
12meiPPN3S3	39	Sound	4	619427	0	2			0		other	0
12meiPPN3S3	41	Sound	8	642827	0	2			0		other	0
12meiPPN3S3	43	Sound	4	666427	0	2			0		other	0
12meiPPN3S3	45	Sound	4	689825	0	2			0		other	0
12meiPPN3S3	47	Sound	4	713225	0	2			0		other	0
12meiPPN3S3	49	Sound	8	736624	0	2			0		other	0
12meiPPN3S3	51	Sound	4	760624	0	2			0		other	0
12meiPPN3S3	53	Sound	8	784023	0	2			0		other	0
12meiPPN3S3	55	Sound	4	808023	0	2			0		other	0
12meiPPN3S3	57	Sound	6	831422	0	2			0		other	0
12meiPPN3S3	58	Response	1	836665	1843	1
12meiPPN3S3	59	Sound	4	854831	0	2			0		other	0
12meiPPN3S3	61	Sound	4	878221	0	2			0		other	0
12meiPPN3S3	63	Sound	4	901620	0	2			0		other	0
12meiPPN3S3	65	Sound	4	925019	0	2			0		other	0
12meiPPN3S3	67	Sound	4	948420	0	2			0		other	0
12meiPPN3S3	69	Sound	4	971820	0	2			0		other	0
12meiPPN3S3	71	Sound	4	995218	0	2			0		other	0
12meiPPN3S3	73	Sound	6	1018618	0	2			0		other	0
12meiPPN3S3	74	Response	1	1025060	3043	1
12meiPPN3S3	75	Sound	4	1042026	0	2			0		other	0
12meiPPN3S3	77	Sound	4	1065416	0	2			0		other	0
12meiPPN3S3	79	Sound	4	1088816	0	2			0		other	0
12meiPPN3S3	81	Sound	4	1112215	0	2			0		other	0
12meiPPN3S3	83	Sound	4	1135616	0	2			0		other	0
12meiPPN3S3	85	Sound	4	1159015	0	2			0		other	0
12meiPPN3S3	87	Sound	4	1182414	0	2			0		other	0
12meiPPN3S3	89	Sound	4	1205813	0	2			0		other	0
12meiPPN3S3	91	Sound	4	1229212	0	2			0		other	0
12meiPPN3S3	93	Sound	4	1252612	0	2			0		other	0
12meiPPN3S3	95	Sound	4	1276011	0	2			0		other	0
12meiPPN3S3	97	Sound	4	1299411	0	2			0		other	0
12meiPPN3S3	99	Sound	4	1322811	0	2			0		other	0
12meiPPN3S3	101	Sound	6	1346210	0	2			0		other	0
12meiPPN3S3	102	Response	1	1358062	8452	2
12meiPPN3S3	103	Sound	4	1369619	0	2			0		other	0
12meiPPN3S3	105	Sound	8	1393009	0	2			0		other	0
12meiPPN3S3	107	Sound	4	1416009	0	2			0		other	0
12meiPPN3S3	109	Sound	8	1439407	0	2			0		other	0
12meiPPN3S3	111	Sound	4	1462407	0	2			0		other	0
12meiPPN3S3	113	Sound	6	1485807	0	2			0		other	0
12meiPPN3S3	114	Response	1	1492327	3121	1
12meiPPN3S3	115	Sound	4	1509215	0	2			0		other	0
12meiPPN3S3	117	Sound	8	1532606	0	2			0		other	0
12meiPPN3S3	119	Sound	4	1556106	0	2			0		other	0
12meiPPN3S3	121	Sound	4	1579505	0	2			0		other	0
12meiPPN3S3	123	Sound	4	1602904	0	2			0		other	0
12meiPPN3S3	125	Sound	6	1626303	0	2			0		other	0
12meiPPN3S3	126	Response	1	1632961	3257	1
12meiPPN3S3	127	Sound	4	1649713	0	2			0		other	0
12meiPPN3S3	129	Sound	4	1673103	0	2			0		other	0
12meiPPN3S3	131	Sound	4	1696502	0	2			0		other	0
12meiPPN3S3	133	Sound	4	1719902	0	2			0		other	0
12meiPPN3S3	135	Sound	4	1743301	0	2			0		other	0
12meiPPN3S3	137	Sound	6	1766700	0	2			0		other	0
12meiPPN3S3	138	Response	1	1771236	1137	1
12meiPPN3S3	139	Sound	4	1790108	0	2			0		other	0
12meiPPN3S3	141	Sound	4	1813499	0	2			0		other	0
12meiPPN3S3	143	Sound	4	1836899	0	2			0		other	0
12meiPPN3S3	145	Sound	8	1860298	0	2			0		other	0
12meiPPN3S3	147	Sound	4	1884299	0	2			0		other	0
12meiPPN3S3	148	Response	1	1901331	13634	1
12meiPPN3S3	149	Sound	6	1907707	0	2			0		other	0
12meiPPN3S3	150	Response	1	1921558	10462	1
12meiPPN3S3	151	Sound	4	1931105	0	1			0		other	0
12meiPPN3S3	153	Sound	4	1954496	0	2			0		other	0
12meiPPN3S3	155	Sound	4	1977895	0	2			0		other	0
12meiPPN3S3	157	Sound	4	2001295	0	2			0		other	0
12meiPPN3S3	159	Sound	4	2024695	0	2			0		other	0
12meiPPN3S3	161	Sound	4	2048094	0	2			0		other	0
12meiPPN3S3	163	Sound	4	2071494	0	2			0		other	0
12meiPPN3S3	165	Sound	4	2094893	0	2			0		other	0
12meiPPN3S3	167	Sound	4	2118292	0	2			0		other	0
12meiPPN3S3	169	Sound	4	2141692	0	2			0		other	0
12meiPPN3S3	171	Sound	4	2165091	0	2			0		other	0
12meiPPN3S3	173	Sound	6	2188491	0	2			0		other	0
12meiPPN3S3	174	Response	1	2194469	2579	1
12meiPPN3S3	175	Sound	4	2211899	0	2			0		other	0
12meiPPN3S3	177	Sound	4	2235290	0	2			0		other	0
12meiPPN3S3	179	Sound	4	2258689	0	2			0		other	0
12meiPPN3S3	181	Sound	4	2282089	0	2			0		other	0
12meiPPN3S3	183	Sound	4	2305488	0	2			0		other	0
12meiPPN3S3	185	Sound	4	2328887	0	2			0		other	0
12meiPPN3S3	187	Sound	4	2352287	0	2			0		other	0
12meiPPN3S3	189	Sound	4	2375687	0	2			0		other	0
12meiPPN3S3	191	Sound	4	2399086	0	2			0		other	0
12meiPPN3S3	193	Sound	8	2422486	0	2			0		other	0
12meiPPN3S3	195	Sound	4	2446484	0	2			0		other	0
12meiPPN3S3	197	Sound	8	2469884	0	2			0		other	0
12meiPPN3S3	199	Sound	4	2491983	0	2			0		other	0
12meiPPN3S3	201	Sound	6	2515382	0	2			0		other	0
12meiPPN3S3	202	Response	1	2534610	15827	1
12meiPPN3S3	203	Sound	4	2538792	0	2			0		other	0
12meiPPN3S3	205	Sound	4	2562182	0	2			0		other	0
12meiPPN3S3	207	Sound	4	2585581	0	2			0		other	0
12meiPPN3S3	209	Sound	6	2608980	0	2			0		other	0
12meiPPN3S3	210	Response	1	2614582	2201	1
12meiPPN3S3	211	Sound	4	2632390	0	2			0		other	0
12meiPPN3S3	213	Sound	4	2655779	0	2			0		other	0
12meiPPN3S3	215	Sound	4	2679179	0	2			0		other	0
12meiPPN3S3	217	Sound	6	2702579	0	2			0		other	0
12meiPPN3S3	218	Response	1	2712869	6891	1
12meiPPN3S3	219	Sound	4	2725987	0	2			0		other	0
12meiPPN3S3	221	Sound	4	2749378	0	2			0		other	0
12meiPPN3S3	223	Sound	4	2772777	0	2			0		other	0
12meiPPN3S3	225	Sound	4	2796176	0	2			0		other	0
12meiPPN3S3	227	Sound	4	2819576	0	2			0		other	0
12meiPPN3S3	229	Sound	4	2842975	0	2			0		other	0
12meiPPN3S3	231	Sound	4	2866375	0	2			0		other	0
12meiPPN3S3	233	Sound	8	2889774	0	2			0		other	0
12meiPPN3S3	235	Sound	4	2913174	0	2			0		other	0
12meiPPN3S3	237	Sound	4	2936574	0	2			0		other	0
12meiPPN3S3	239	Sound	4	2959973	0	2			0		other	0
12meiPPN3S3	241	Sound	4	2983372	0	2			0		other	0
12meiPPN3S3	243	Sound	4	3006771	0	2			0		other	0
12meiPPN3S3	245	Sound	4	3030171	0	2			0		other	0
12meiPPN3S3	247	Sound	4	3053571	0	2			0		other	0
12meiPPN3S3	249	Sound	8	3076970	0	2			0		other	0
12meiPPN3S3	251	Sound	4	3100969	0	2			0		other	0
12meiPPN3S3	253	Sound	4	3124369	0	2			0		other	0
12meiPPN3S3	255	Sound	4	3147768	0	2			0		other	0
12meiPPN3S3	257	Sound	4	3171168	0	2			0		other	0
12meiPPN3S3	259	Sound	4	3194566	0	2			0		other	0
12meiPPN3S3	260	Response	1	3201814	3848	1
12meiPPN3S3	260	Response	1	3205816	7850	1
12meiPPN3S3	260	Response	1	3207831	9865	1
12meiPPN3S3	260	Response	1	3209832	11866	1
12meiPPN3S3	260	Response	1	3211830	13864	1
12meiPPN3S3	260	Response	1	3213827	15861	1
12meiPPN3S3	260	Response	1	3217815	19849	1
12meiPPN3S3	260	Response	1	3219827	21861	1
12meiPPN3S3	260	Response	1	3221827	23861	1
12meiPPN3S3	260	Response	1	3223828	25862	1
12meiPPN3S3	260	Response	1	3227816	29850	1
12meiPPN3S3	260	Response	1	3229829	31863	1
12meiPPN3S3	260	Response	1	3233818	35852	2
12meiPPN3S3	260	Response	1	3235817	37851	1
12meiPPN3S3	260	Response	1	3237832	39866	1
12meiPPN3S3	260	Response	1	3241819	43853	1


Event Type	Code	Type	Response	RT	RT Uncertainty	Time	Uncertainty	Duration	Uncertainty	ReqTime	ReqDur

Sound	8	other				174900	2			0
Sound	4	other				197937	2			0
Sound	4	other				221336	2			0
Sound	4	other				244736	2			0
Sound	6	other				268136	2			0
Sound	4	other				291545	2			0
Sound	6	other				314935	2			0
Sound	4	other				338342	2			0
Sound	4	other				361733	2			0
Sound	4	other				385132	2			0
Sound	4	other				408531	2			0
Sound	4	other				431932	2			0
Sound	4	other				455332	2			0
Sound	4	other				478731	2			0
Sound	4	other				502131	2			0
Sound	4	other				525529	2			0
Sound	4	other				548929	2			0
Sound	4	other				572328	2			0
Sound	8	other				595728	2			0
Sound	4	other				619427	2			0
Sound	8	other				642827	2			0
Sound	4	other				666427	2			0
Sound	4	other				689825	2			0
Sound	4	other				713225	2			0
Sound	8	other				736624	2			0
Sound	4	other				760624	2			0
Sound	8	other				784023	2			0
Sound	4	other				808023	2			0
Sound	6	other				831422	2			0
Sound	4	other				854831	2			0
Sound	4	other				878221	2			0
Sound	4	other				901620	2			0
Sound	4	other				925019	2			0
Sound	4	other				948420	2			0
Sound	4	other				971820	2			0
Sound	4	other				995218	2			0
Sound	6	other				1018618	2			0
Sound	4	other				1042026	2			0
Sound	4	other				1065416	2			0
Sound	4	other				1088816	2			0
Sound	4	other				1112215	2			0
Sound	4	other				1135616	2			0
Sound	4	other				1159015	2			0
Sound	4	other				1182414	2			0
Sound	4	other				1205813	2			0
Sound	4	other				1229212	2			0
Sound	4	other				1252612	2			0
Sound	4	other				1276011	2			0
Sound	4	other				1299411	2			0
Sound	4	other				1322811	2			0
Sound	6	other				1346210	2			0
Sound	4	other				1369619	2			0
Sound	8	other				1393009	2			0
Sound	4	other				1416009	2			0
Sound	8	other				1439407	2			0
Sound	4	other				1462407	2			0
Sound	6	other				1485807	2			0
Sound	4	other				1509215	2			0
Sound	8	other				1532606	2			0
Sound	4	other				1556106	2			0
Sound	4	other				1579505	2			0
Sound	4	other				1602904	2			0
Sound	6	other				1626303	2			0
Sound	4	other				1649713	2			0
Sound	4	other				1673103	2			0
Sound	4	other				1696502	2			0
Sound	4	other				1719902	2			0
Sound	4	other				1743301	2			0
Sound	6	other				1766700	2			0
Sound	4	other				1790108	2			0
Sound	4	other				1813499	2			0
Sound	4	other				1836899	2			0
Sound	8	other				1860298	2			0
Sound	4	other				1884299	2			0
Sound	6	other				1907707	2			0
Sound	4	other				1931105	1			0
Sound	4	other				1954496	2			0
Sound	4	other				1977895	2			0
Sound	4	other				2001295	2			0
Sound	4	other				2024695	2			0
Sound	4	other				2048094	2			0
Sound	4	other				2071494	2			0
Sound	4	other				2094893	2			0
Sound	4	other				2118292	2			0
Sound	4	other				2141692	2			0
Sound	4	other				2165091	2			0
Sound	6	other				2188491	2			0
Sound	4	other				2211899	2			0
Sound	4	other				2235290	2			0
Sound	4	other				2258689	2			0
Sound	4	other				2282089	2			0
Sound	4	other				2305488	2			0
Sound	4	other				2328887	2			0
Sound	4	other				2352287	2			0
Sound	4	other				2375687	2			0
Sound	4	other				2399086	2			0
Sound	8	other				2422486	2			0
Sound	4	other				2446484	2			0
Sound	8	other				2469884	2			0
Sound	4	other				2491983	2			0
Sound	6	other				2515382	2			0
Sound	4	other				2538792	2			0
Sound	4	other				2562182	2			0
Sound	4	other				2585581	2			0
Sound	6	other				2608980	2			0
Sound	4	other				2632390	2			0
Sound	4	other				2655779	2			0
Sound	4	other				2679179	2			0
Sound	6	other				2702579	2			0
Sound	4	other				2725987	2			0
Sound	4	other				2749378	2			0
Sound	4	other				2772777	2			0
Sound	4	other				2796176	2			0
Sound	4	other				2819576	2			0
Sound	4	other				2842975	2			0
Sound	4	other				2866375	2			0
Sound	8	other				2889774	2			0
Sound	4	other				2913174	2			0
Sound	4	other				2936574	2			0
Sound	4	other				2959973	2			0
Sound	4	other				2983372	2			0
Sound	4	other				3006771	2			0
Sound	4	other				3030171	2			0
Sound	4	other				3053571	2			0
Sound	8	other				3076970	2			0
Sound	4	other				3100969	2			0
Sound	4	other				3124369	2			0
Sound	4	other				3147768	2			0
Sound	4	other				3171168	2			0
Sound	4	other				3194566	2			0
