Scenario - oddball3
Logfile written - 05/12/2016 11:01:29

Subject	Trial	Event Type	Code	Time	TTime	Uncertainty	Duration	Uncertainty	ReqTime	ReqDur	Stim Type	Pair Index

12meiPPN3A3	1	Sound	14	173580	0	2			0		other	0
12meiPPN3A3	3	Sound	14	196924	0	2			0		other	0
12meiPPN3A3	5	Sound	14	220325	0	2			0		other	0
12meiPPN3A3	7	Sound	14	243724	0	2			0		other	0
12meiPPN3A3	9	Sound	14	267124	0	2			0		other	0
12meiPPN3A3	11	Sound	14	290523	0	2			0		other	0
12meiPPN3A3	11	Response	1	290573	50	1
12meiPPN3A3	13	Sound	18	313932	0	2			0		other	0
12meiPPN3A3	15	Sound	14	337821	0	2			0		other	0
12meiPPN3A3	17	Sound	16	361221	0	2			0		other	0
12meiPPN3A3	18	Response	1	366520	1900	1
12meiPPN3A3	19	Sound	14	384629	0	2			0		other	0
12meiPPN3A3	21	Sound	14	408020	0	2			0		other	0
12meiPPN3A3	23	Sound	14	431419	0	2			0		other	0
12meiPPN3A3	25	Sound	18	454819	0	2			0		other	0
12meiPPN3A3	27	Sound	14	478418	0	2			0		other	0
12meiPPN3A3	29	Sound	14	501817	0	2			0		other	0
12meiPPN3A3	31	Sound	14	525217	0	2			0		other	0
12meiPPN3A3	33	Sound	14	548616	0	2			0		other	0
12meiPPN3A3	35	Sound	14	572016	0	2			0		other	0
12meiPPN3A3	37	Sound	16	595415	0	2			0		other	0
12meiPPN3A3	38	Response	1	602254	3439	2
12meiPPN3A3	39	Sound	14	618824	0	2			0		other	0
12meiPPN3A3	41	Sound	16	642215	0	2			0		other	0
12meiPPN3A3	42	Response	1	651927	6313	2
12meiPPN3A3	43	Sound	14	665623	0	2			0		other	0
12meiPPN3A3	45	Sound	14	689012	0	2			0		other	0
12meiPPN3A3	47	Sound	14	712412	0	2			0		other	0
12meiPPN3A3	49	Sound	14	735812	0	2			0		other	0
12meiPPN3A3	51	Sound	14	759212	0	2			0		other	0
12meiPPN3A3	53	Sound	18	782611	0	2			0		other	0
12meiPPN3A3	55	Sound	14	804311	0	2			0		other	0
12meiPPN3A3	57	Sound	14	827710	0	2			0		other	0
12meiPPN3A3	59	Sound	14	851110	0	2			0		other	0
12meiPPN3A3	61	Sound	18	874509	0	2			0		other	0
12meiPPN3A3	63	Sound	14	897308	0	2			0		other	0
12meiPPN3A3	65	Sound	14	920708	0	2			0		other	0
12meiPPN3A3	67	Sound	14	944108	0	2			0		other	0
12meiPPN3A3	69	Sound	14	967507	0	2			0		other	0
12meiPPN3A3	71	Sound	14	990907	0	2			0		other	0
12meiPPN3A3	73	Sound	16	1014306	0	2			0		other	0
12meiPPN3A3	74	Response	1	1021766	4061	1
12meiPPN3A3	75	Sound	14	1037714	0	2			0		other	0
12meiPPN3A3	77	Sound	18	1061104	0	2			0		other	0
12meiPPN3A3	79	Sound	14	1085004	0	2			0		other	0
12meiPPN3A3	81	Sound	18	1108404	0	2			0		other	0
12meiPPN3A3	83	Sound	14	1132303	0	2			0		other	0
12meiPPN3A3	84	Response	1	1155571	19868	1
12meiPPN3A3	85	Sound	18	1155712	0	2			0		other	0
12meiPPN3A3	87	Sound	14	1178902	0	2			0		other	0
12meiPPN3A3	89	Sound	14	1202301	0	2			0		other	0
12meiPPN3A3	91	Sound	14	1225700	0	2			0		other	0
12meiPPN3A3	93	Sound	14	1249100	0	2			0		other	0
12meiPPN3A3	95	Sound	14	1272500	0	2			0		other	0
12meiPPN3A3	97	Sound	14	1295899	0	2			0		other	0
12meiPPN3A3	99	Sound	14	1319299	0	2			0		other	0
12meiPPN3A3	101	Sound	16	1342699	0	2			0		other	0
12meiPPN3A3	102	Response	1	1349248	3151	2
12meiPPN3A3	103	Sound	14	1366106	0	2			0		other	0
12meiPPN3A3	105	Sound	14	1389497	0	2			0		other	0
12meiPPN3A3	107	Sound	14	1412896	0	2			0		other	0
12meiPPN3A3	109	Sound	16	1436296	0	2			0		other	0
12meiPPN3A3	110	Response	1	1449357	9662	1
12meiPPN3A3	111	Sound	14	1459704	0	2			0		other	0
12meiPPN3A3	113	Sound	14	1483095	0	2			0		other	0
12meiPPN3A3	115	Sound	14	1506495	0	2			0		other	0
12meiPPN3A3	117	Sound	14	1529894	0	2			0		other	0
12meiPPN3A3	119	Sound	14	1553293	0	2			0		other	0
12meiPPN3A3	121	Sound	14	1576693	0	2			0		other	0
12meiPPN3A3	123	Sound	14	1600092	0	2			0		other	0
12meiPPN3A3	125	Sound	18	1623493	0	2			0		other	0
12meiPPN3A3	127	Sound	14	1646591	0	2			0		other	0
12meiPPN3A3	129	Sound	16	1669991	0	2			0		other	0
12meiPPN3A3	130	Response	1	1675431	2040	1
12meiPPN3A3	131	Sound	14	1693400	0	2			0		other	0
12meiPPN3A3	133	Sound	14	1716789	0	2			0		other	0
12meiPPN3A3	135	Sound	14	1740188	0	2			0		other	0
12meiPPN3A3	137	Sound	16	1763588	0	2			0		other	0
12meiPPN3A3	138	Response	1	1775079	8091	1
12meiPPN3A3	139	Sound	14	1786997	0	2			0		other	0
12meiPPN3A3	141	Sound	14	1810388	0	2			0		other	0
12meiPPN3A3	143	Sound	14	1833787	0	2			0		other	0
12meiPPN3A3	145	Sound	18	1857187	0	2			0		other	0
12meiPPN3A3	147	Sound	14	1881186	0	2			0		other	0
12meiPPN3A3	149	Sound	14	1904585	0	2			0		other	0
12meiPPN3A3	151	Sound	14	1927985	0	2			0		other	0
12meiPPN3A3	153	Sound	14	1951383	0	2			0		other	0
12meiPPN3A3	155	Sound	14	1974784	0	2			0		other	0
12meiPPN3A3	157	Sound	16	1998184	0	2			0		other	0
12meiPPN3A3	158	Response	1	2003654	2072	1
12meiPPN3A3	159	Sound	14	2021591	0	2			0		other	0
12meiPPN3A3	161	Sound	14	2044982	0	2			0		other	0
12meiPPN3A3	163	Sound	14	2068381	0	2			0		other	0
12meiPPN3A3	165	Sound	14	2091780	0	2			0		other	0
12meiPPN3A3	167	Sound	14	2115180	0	2			0		other	0
12meiPPN3A3	169	Sound	14	2138579	0	2			0		other	0
12meiPPN3A3	171	Sound	14	2161980	0	2			0		other	0
12meiPPN3A3	173	Sound	14	2185379	0	2			0		other	0
12meiPPN3A3	175	Sound	14	2208779	0	2			0		other	0
12meiPPN3A3	177	Sound	14	2232177	0	2			0		other	0
12meiPPN3A3	179	Sound	14	2255576	0	2			0		other	0
12meiPPN3A3	181	Sound	14	2278976	0	2			0		other	0
12meiPPN3A3	183	Sound	14	2302375	0	2			0		other	0
12meiPPN3A3	185	Sound	16	2325775	0	2			0		other	0
12meiPPN3A3	186	Response	1	2331475	2299	1
12meiPPN3A3	187	Sound	14	2349185	0	2			0		other	0
12meiPPN3A3	189	Sound	18	2372574	0	2			0		other	0
12meiPPN3A3	191	Sound	14	2394774	0	2			0		other	0
12meiPPN3A3	193	Sound	14	2418173	0	2			0		other	0
12meiPPN3A3	195	Sound	14	2441572	0	2			0		other	0
12meiPPN3A3	197	Sound	18	2464971	0	2			0		other	0
12meiPPN3A3	199	Sound	14	2489071	0	2			0		other	0
12meiPPN3A3	201	Sound	14	2512472	0	2			0		other	0
12meiPPN3A3	203	Sound	14	2535870	0	2			0		other	0
12meiPPN3A3	205	Sound	14	2559270	0	2			0		other	0
12meiPPN3A3	207	Sound	14	2582669	0	2			0		other	0
12meiPPN3A3	209	Sound	14	2606068	0	2			0		other	0
12meiPPN3A3	211	Sound	14	2629468	0	2			0		other	0
12meiPPN3A3	213	Sound	14	2652867	0	2			0		other	0
12meiPPN3A3	215	Sound	14	2676267	0	2			0		other	0
12meiPPN3A3	217	Sound	14	2699666	0	2			0		other	0
12meiPPN3A3	219	Sound	14	2723066	0	2			0		other	0
12meiPPN3A3	221	Sound	16	2746466	0	2			0		other	0
12meiPPN3A3	222	Response	1	2753227	3362	2
12meiPPN3A3	223	Sound	14	2769874	0	2			0		other	0
12meiPPN3A3	225	Sound	14	2793264	0	2			0		other	0
12meiPPN3A3	227	Sound	14	2816663	0	2			0		other	0
12meiPPN3A3	229	Sound	14	2840063	0	2			0		other	0
12meiPPN3A3	231	Sound	14	2863464	0	2			0		other	0
12meiPPN3A3	233	Sound	14	2886862	0	2			0		other	0
12meiPPN3A3	235	Sound	14	2910262	0	2			0		other	0
12meiPPN3A3	237	Sound	14	2933661	0	2			0		other	0
12meiPPN3A3	239	Sound	14	2957060	0	2			0		other	0
12meiPPN3A3	241	Sound	18	2980460	0	2			0		other	0
12meiPPN3A3	243	Sound	14	3004059	0	2			0		other	0
12meiPPN3A3	245	Sound	18	3027459	0	2			0		other	0
12meiPPN3A3	247	Sound	14	3050958	0	2			0		other	0
12meiPPN3A3	249	Sound	16	3074358	0	2			0		other	0
12meiPPN3A3	250	Response	1	3082751	4993	2
12meiPPN3A3	251	Sound	14	3097767	0	2			0		other	0
12meiPPN3A3	253	Sound	16	3121156	0	2			0		other	0
12meiPPN3A3	254	Response	1	3126564	2008	1
12meiPPN3A3	255	Sound	14	3144565	0	2			0		other	0
12meiPPN3A3	257	Sound	14	3167955	0	2			0		other	0
12meiPPN3A3	259	Sound	14	3191354	0	2			0		other	0


Event Type	Code	Type	Response	RT	RT Uncertainty	Time	Uncertainty	Duration	Uncertainty	ReqTime	ReqDur

Sound	14	other				173580	2			0
Sound	14	other				196924	2			0
Sound	14	other				220325	2			0
Sound	14	other				243724	2			0
Sound	14	other				267124	2			0
Sound	14	other				290523	2			0
Sound	18	other				313932	2			0
Sound	14	other				337821	2			0
Sound	16	other				361221	2			0
Sound	14	other				384629	2			0
Sound	14	other				408020	2			0
Sound	14	other				431419	2			0
Sound	18	other				454819	2			0
Sound	14	other				478418	2			0
Sound	14	other				501817	2			0
Sound	14	other				525217	2			0
Sound	14	other				548616	2			0
Sound	14	other				572016	2			0
Sound	16	other				595415	2			0
Sound	14	other				618824	2			0
Sound	16	other				642215	2			0
Sound	14	other				665623	2			0
Sound	14	other				689012	2			0
Sound	14	other				712412	2			0
Sound	14	other				735812	2			0
Sound	14	other				759212	2			0
Sound	18	other				782611	2			0
Sound	14	other				804311	2			0
Sound	14	other				827710	2			0
Sound	14	other				851110	2			0
Sound	18	other				874509	2			0
Sound	14	other				897308	2			0
Sound	14	other				920708	2			0
Sound	14	other				944108	2			0
Sound	14	other				967507	2			0
Sound	14	other				990907	2			0
Sound	16	other				1014306	2			0
Sound	14	other				1037714	2			0
Sound	18	other				1061104	2			0
Sound	14	other				1085004	2			0
Sound	18	other				1108404	2			0
Sound	14	other				1132303	2			0
Sound	18	other				1155712	2			0
Sound	14	other				1178902	2			0
Sound	14	other				1202301	2			0
Sound	14	other				1225700	2			0
Sound	14	other				1249100	2			0
Sound	14	other				1272500	2			0
Sound	14	other				1295899	2			0
Sound	14	other				1319299	2			0
Sound	16	other				1342699	2			0
Sound	14	other				1366106	2			0
Sound	14	other				1389497	2			0
Sound	14	other				1412896	2			0
Sound	16	other				1436296	2			0
Sound	14	other				1459704	2			0
Sound	14	other				1483095	2			0
Sound	14	other				1506495	2			0
Sound	14	other				1529894	2			0
Sound	14	other				1553293	2			0
Sound	14	other				1576693	2			0
Sound	14	other				1600092	2			0
Sound	18	other				1623493	2			0
Sound	14	other				1646591	2			0
Sound	16	other				1669991	2			0
Sound	14	other				1693400	2			0
Sound	14	other				1716789	2			0
Sound	14	other				1740188	2			0
Sound	16	other				1763588	2			0
Sound	14	other				1786997	2			0
Sound	14	other				1810388	2			0
Sound	14	other				1833787	2			0
Sound	18	other				1857187	2			0
Sound	14	other				1881186	2			0
Sound	14	other				1904585	2			0
Sound	14	other				1927985	2			0
Sound	14	other				1951383	2			0
Sound	14	other				1974784	2			0
Sound	16	other				1998184	2			0
Sound	14	other				2021591	2			0
Sound	14	other				2044982	2			0
Sound	14	other				2068381	2			0
Sound	14	other				2091780	2			0
Sound	14	other				2115180	2			0
Sound	14	other				2138579	2			0
Sound	14	other				2161980	2			0
Sound	14	other				2185379	2			0
Sound	14	other				2208779	2			0
Sound	14	other				2232177	2			0
Sound	14	other				2255576	2			0
Sound	14	other				2278976	2			0
Sound	14	other				2302375	2			0
Sound	16	other				2325775	2			0
Sound	14	other				2349185	2			0
Sound	18	other				2372574	2			0
Sound	14	other				2394774	2			0
Sound	14	other				2418173	2			0
Sound	14	other				2441572	2			0
Sound	18	other				2464971	2			0
Sound	14	other				2489071	2			0
Sound	14	other				2512472	2			0
Sound	14	other				2535870	2			0
Sound	14	other				2559270	2			0
Sound	14	other				2582669	2			0
Sound	14	other				2606068	2			0
Sound	14	other				2629468	2			0
Sound	14	other				2652867	2			0
Sound	14	other				2676267	2			0
Sound	14	other				2699666	2			0
Sound	14	other				2723066	2			0
Sound	16	other				2746466	2			0
Sound	14	other				2769874	2			0
Sound	14	other				2793264	2			0
Sound	14	other				2816663	2			0
Sound	14	other				2840063	2			0
Sound	14	other				2863464	2			0
Sound	14	other				2886862	2			0
Sound	14	other				2910262	2			0
Sound	14	other				2933661	2			0
Sound	14	other				2957060	2			0
Sound	18	other				2980460	2			0
Sound	14	other				3004059	2			0
Sound	18	other				3027459	2			0
Sound	14	other				3050958	2			0
Sound	16	other				3074358	2			0
Sound	14	other				3097767	2			0
Sound	16	other				3121156	2			0
Sound	14	other				3144565	2			0
Sound	14	other				3167955	2			0
Sound	14	other				3191354	2			0

The following output port codes were not sent because of a conflict on the port.
Port	Code	Time(ms)
1	1	29057.3
