Scenario - oddball3
Logfile written - 05/09/2016 12:06:01

Subject	Trial	Event Type	Code	Time	TTime	Uncertainty	Duration	Uncertainty	ReqTime	ReqDur	Stim Type	Pair Index

DJ-9mei-auto1	1	Sound	14	171130	0	2			0		other	0
DJ-9mei-auto1	3	Sound	14	194464	0	2			0		other	0
DJ-9mei-auto1	5	Sound	14	217864	0	2			0		other	0
DJ-9mei-auto1	7	Sound	18	241263	0	2			0		other	0
DJ-9mei-auto1	9	Sound	14	265163	0	2			0		other	0
DJ-9mei-auto1	11	Sound	14	288562	0	2			0		other	0
DJ-9mei-auto1	13	Sound	14	311962	0	2			0		other	0
DJ-9mei-auto1	15	Sound	14	335363	0	2			0		other	0
DJ-9mei-auto1	17	Sound	14	358762	0	2			0		other	0
DJ-9mei-auto1	19	Sound	14	382162	0	2			0		other	0
DJ-9mei-auto1	21	Sound	14	405562	0	2			0		other	0
DJ-9mei-auto1	23	Sound	18	428961	0	2			0		other	0
DJ-9mei-auto1	25	Sound	14	452260	0	2			0		other	0
DJ-9mei-auto1	27	Sound	16	475660	0	2			0		other	0
DJ-9mei-auto1	28	Response	1	480152	1191	1
DJ-9mei-auto1	29	Sound	14	498970	0	2			0		other	0
DJ-9mei-auto1	31	Sound	16	522361	0	2			0		other	0
DJ-9mei-auto1	32	Response	1	528829	3068	1
DJ-9mei-auto1	33	Sound	14	545770	0	2			0		other	0
DJ-9mei-auto1	35	Sound	14	569161	0	2			0		other	0
DJ-9mei-auto1	37	Sound	14	592559	0	2			0		other	0
DJ-9mei-auto1	39	Sound	14	615959	0	2			0		other	0
DJ-9mei-auto1	41	Sound	14	639359	0	2			0		other	0
DJ-9mei-auto1	43	Sound	16	662759	0	2			0		other	0
DJ-9mei-auto1	44	Response	1	666976	818	1
DJ-9mei-auto1	45	Sound	14	686167	0	2			0		other	0
DJ-9mei-auto1	47	Sound	16	709559	0	2			0		other	0
DJ-9mei-auto1	48	Response	1	715170	2212	1
DJ-9mei-auto1	49	Sound	14	732967	0	2			0		other	0
DJ-9mei-auto1	51	Sound	14	756358	0	2			0		other	0
DJ-9mei-auto1	53	Sound	14	779757	0	2			0		other	0
DJ-9mei-auto1	55	Sound	14	803157	0	2			0		other	0
DJ-9mei-auto1	57	Sound	14	826557	0	2			0		other	0
DJ-9mei-auto1	59	Sound	14	849957	0	2			0		other	0
DJ-9mei-auto1	61	Sound	14	873358	0	2			0		other	0
DJ-9mei-auto1	63	Sound	14	896757	0	2			0		other	0
DJ-9mei-auto1	65	Sound	14	920157	0	2			0		other	0
DJ-9mei-auto1	67	Sound	14	943556	0	2			0		other	0
DJ-9mei-auto1	69	Sound	14	966956	0	2			0		other	0
DJ-9mei-auto1	71	Sound	14	990355	0	2			0		other	0
DJ-9mei-auto1	72	Response	1	995380	1625	2
DJ-9mei-auto1	73	Sound	14	1013764	0	2			0		other	0
DJ-9mei-auto1	75	Sound	14	1037155	0	2			0		other	0
DJ-9mei-auto1	77	Sound	14	1060555	0	2			0		other	0
DJ-9mei-auto1	79	Sound	14	1083955	0	2			0		other	0
DJ-9mei-auto1	81	Sound	14	1107354	0	2			0		other	0
DJ-9mei-auto1	83	Sound	18	1130754	0	2			0		other	0
DJ-9mei-auto1	85	Sound	14	1154754	0	2			0		other	0
DJ-9mei-auto1	87	Sound	14	1178153	0	2			0		other	0
DJ-9mei-auto1	89	Sound	14	1201554	0	2			0		other	0
DJ-9mei-auto1	91	Sound	16	1224953	0	2			0		other	0
DJ-9mei-auto1	92	Response	1	1229536	1183	2
DJ-9mei-auto1	93	Sound	14	1248362	0	2			0		other	0
DJ-9mei-auto1	95	Sound	16	1271753	0	2			0		other	0
DJ-9mei-auto1	96	Response	1	1279891	4739	1
DJ-9mei-auto1	97	Sound	14	1295161	0	2			0		other	0
DJ-9mei-auto1	99	Sound	14	1318552	0	2			0		other	0
DJ-9mei-auto1	101	Sound	14	1341952	0	2			0		other	0
DJ-9mei-auto1	103	Sound	16	1365351	0	2			0		other	0
DJ-9mei-auto1	104	Response	1	1370084	1432	1
DJ-9mei-auto1	105	Sound	14	1388661	0	2			0		other	0
DJ-9mei-auto1	107	Sound	18	1412051	0	2			0		other	0
DJ-9mei-auto1	109	Sound	14	1436052	0	2			0		other	0
DJ-9mei-auto1	111	Sound	18	1459451	0	2			0		other	0
DJ-9mei-auto1	113	Sound	14	1483551	0	2			0		other	0
DJ-9mei-auto1	115	Sound	14	1506950	0	2			0		other	0
DJ-9mei-auto1	117	Sound	14	1530350	0	2			0		other	0
DJ-9mei-auto1	119	Sound	14	1553750	0	2			0		other	0
DJ-9mei-auto1	121	Sound	14	1577149	0	2			0		other	0
DJ-9mei-auto1	123	Sound	14	1600550	0	2			0		other	0
DJ-9mei-auto1	125	Sound	14	1623950	0	2			0		other	0
DJ-9mei-auto1	127	Sound	18	1647349	0	2			0		other	0
DJ-9mei-auto1	129	Sound	14	1670749	0	2			0		other	0
DJ-9mei-auto1	131	Sound	14	1694148	0	2			0		other	0
DJ-9mei-auto1	133	Sound	14	1717548	0	2			0		other	0
DJ-9mei-auto1	135	Sound	14	1740948	0	2			0		other	0
DJ-9mei-auto1	137	Sound	14	1764348	0	2			0		other	0
DJ-9mei-auto1	139	Sound	14	1787748	0	2			0		other	0
DJ-9mei-auto1	141	Sound	14	1811147	0	2			0		other	0
DJ-9mei-auto1	143	Sound	18	1834547	0	2			0		other	0
DJ-9mei-auto1	145	Sound	14	1856747	0	2			0		other	0
DJ-9mei-auto1	147	Sound	14	1880146	0	2			0		other	0
DJ-9mei-auto1	149	Sound	14	1903547	0	2			0		other	0
DJ-9mei-auto1	151	Sound	18	1926947	0	2			0		other	0
DJ-9mei-auto1	153	Sound	14	1950946	0	2			0		other	0
DJ-9mei-auto1	155	Sound	14	1974346	0	2			0		other	0
DJ-9mei-auto1	157	Sound	14	1997745	0	2			0		other	0
DJ-9mei-auto1	159	Sound	16	2021145	0	2			0		other	0
DJ-9mei-auto1	160	Response	1	2026422	1877	1
DJ-9mei-auto1	161	Sound	14	2044555	0	2			0		other	0
DJ-9mei-auto1	163	Sound	14	2067944	0	2			0		other	0
DJ-9mei-auto1	165	Sound	14	2091244	0	2			0		other	0
DJ-9mei-auto1	167	Sound	14	2114644	0	2			0		other	0
DJ-9mei-auto1	169	Sound	14	2138044	0	2			0		other	0
DJ-9mei-auto1	171	Sound	14	2161443	0	2			0		other	0
DJ-9mei-auto1	173	Sound	14	2184843	0	2			0		other	0
DJ-9mei-auto1	175	Sound	14	2208243	0	2			0		other	0
DJ-9mei-auto1	177	Sound	14	2231643	0	2			0		other	0
DJ-9mei-auto1	179	Sound	14	2255043	0	2			0		other	0
DJ-9mei-auto1	181	Sound	14	2278443	0	2			0		other	0
DJ-9mei-auto1	183	Sound	18	2301842	0	2			0		other	0
DJ-9mei-auto1	185	Sound	14	2324842	0	2			0		other	0
DJ-9mei-auto1	187	Sound	14	2348241	0	2			0		other	0
DJ-9mei-auto1	189	Sound	14	2371641	0	2			0		other	0
DJ-9mei-auto1	191	Sound	16	2395041	0	2			0		other	0
DJ-9mei-auto1	192	Response	1	2399820	1379	1
DJ-9mei-auto1	193	Sound	14	2418451	0	2			0		other	0
DJ-9mei-auto1	195	Sound	18	2441841	0	2			0		other	0
DJ-9mei-auto1	197	Sound	14	2465941	0	2			0		other	0
DJ-9mei-auto1	199	Sound	16	2489341	0	2			0		other	0
DJ-9mei-auto1	200	Response	1	2500651	7911	1
DJ-9mei-auto1	201	Sound	14	2512749	0	2			0		other	0
DJ-9mei-auto1	203	Sound	16	2536140	0	2			0		other	0
DJ-9mei-auto1	204	Response	1	2541926	2386	1
DJ-9mei-auto1	205	Sound	14	2559549	0	2			0		other	0
DJ-9mei-auto1	207	Sound	14	2582939	0	2			0		other	0
DJ-9mei-auto1	209	Sound	14	2606339	0	2			0		other	0
DJ-9mei-auto1	211	Sound	14	2629739	0	2			0		other	0
DJ-9mei-auto1	213	Sound	14	2653138	0	2			0		other	0
DJ-9mei-auto1	215	Sound	16	2676439	0	2			0		other	0
DJ-9mei-auto1	216	Response	1	2680952	1113	1
DJ-9mei-auto1	217	Sound	14	2699848	0	2			0		other	0
DJ-9mei-auto1	219	Sound	18	2723237	0	2			0		other	0
DJ-9mei-auto1	221	Sound	14	2745937	0	2			0		other	0
DJ-9mei-auto1	223	Sound	14	2769337	0	2			0		other	0
DJ-9mei-auto1	225	Sound	14	2792738	0	2			0		other	0
DJ-9mei-auto1	227	Sound	14	2816137	0	2			0		other	0
DJ-9mei-auto1	229	Sound	14	2839537	0	2			0		other	0
DJ-9mei-auto1	231	Sound	14	2862937	0	2			0		other	0
DJ-9mei-auto1	233	Sound	14	2886336	0	2			0		other	0
DJ-9mei-auto1	235	Sound	18	2909736	0	2			0		other	0
DJ-9mei-auto1	237	Sound	14	2933835	0	2			0		other	0
DJ-9mei-auto1	239	Sound	14	2957236	0	2			0		other	0
DJ-9mei-auto1	241	Sound	14	2980636	0	2			0		other	0
DJ-9mei-auto1	243	Sound	14	3004035	0	2			0		other	0
DJ-9mei-auto1	245	Sound	14	3027435	0	2			0		other	0
DJ-9mei-auto1	247	Sound	14	3050834	0	2			0		other	0
DJ-9mei-auto1	249	Sound	14	3074235	0	2			0		other	0
DJ-9mei-auto1	251	Sound	14	3097634	0	2			0		other	0
DJ-9mei-auto1	253	Sound	14	3121033	0	2			0		other	0
DJ-9mei-auto1	255	Sound	16	3144433	0	2			0		other	0
DJ-9mei-auto1	256	Response	1	3149826	1992	1
DJ-9mei-auto1	257	Sound	14	3167844	0	1			0		other	0
DJ-9mei-auto1	259	Sound	18	3191233	0	2			0		other	0


Event Type	Code	Type	Response	RT	RT Uncertainty	Time	Uncertainty	Duration	Uncertainty	ReqTime	ReqDur

Sound	14	other				171130	2			0
Sound	14	other				194464	2			0
Sound	14	other				217864	2			0
Sound	18	other				241263	2			0
Sound	14	other				265163	2			0
Sound	14	other				288562	2			0
Sound	14	other				311962	2			0
Sound	14	other				335363	2			0
Sound	14	other				358762	2			0
Sound	14	other				382162	2			0
Sound	14	other				405562	2			0
Sound	18	other				428961	2			0
Sound	14	other				452260	2			0
Sound	16	other				475660	2			0
Sound	14	other				498970	2			0
Sound	16	other				522361	2			0
Sound	14	other				545770	2			0
Sound	14	other				569161	2			0
Sound	14	other				592559	2			0
Sound	14	other				615959	2			0
Sound	14	other				639359	2			0
Sound	16	other				662759	2			0
Sound	14	other				686167	2			0
Sound	16	other				709559	2			0
Sound	14	other				732967	2			0
Sound	14	other				756358	2			0
Sound	14	other				779757	2			0
Sound	14	other				803157	2			0
Sound	14	other				826557	2			0
Sound	14	other				849957	2			0
Sound	14	other				873358	2			0
Sound	14	other				896757	2			0
Sound	14	other				920157	2			0
Sound	14	other				943556	2			0
Sound	14	other				966956	2			0
Sound	14	other				990355	2			0
Sound	14	other				1013764	2			0
Sound	14	other				1037155	2			0
Sound	14	other				1060555	2			0
Sound	14	other				1083955	2			0
Sound	14	other				1107354	2			0
Sound	18	other				1130754	2			0
Sound	14	other				1154754	2			0
Sound	14	other				1178153	2			0
Sound	14	other				1201554	2			0
Sound	16	other				1224953	2			0
Sound	14	other				1248362	2			0
Sound	16	other				1271753	2			0
Sound	14	other				1295161	2			0
Sound	14	other				1318552	2			0
Sound	14	other				1341952	2			0
Sound	16	other				1365351	2			0
Sound	14	other				1388661	2			0
Sound	18	other				1412051	2			0
Sound	14	other				1436052	2			0
Sound	18	other				1459451	2			0
Sound	14	other				1483551	2			0
Sound	14	other				1506950	2			0
Sound	14	other				1530350	2			0
Sound	14	other				1553750	2			0
Sound	14	other				1577149	2			0
Sound	14	other				1600550	2			0
Sound	14	other				1623950	2			0
Sound	18	other				1647349	2			0
Sound	14	other				1670749	2			0
Sound	14	other				1694148	2			0
Sound	14	other				1717548	2			0
Sound	14	other				1740948	2			0
Sound	14	other				1764348	2			0
Sound	14	other				1787748	2			0
Sound	14	other				1811147	2			0
Sound	18	other				1834547	2			0
Sound	14	other				1856747	2			0
Sound	14	other				1880146	2			0
Sound	14	other				1903547	2			0
Sound	18	other				1926947	2			0
Sound	14	other				1950946	2			0
Sound	14	other				1974346	2			0
Sound	14	other				1997745	2			0
Sound	16	other				2021145	2			0
Sound	14	other				2044555	2			0
Sound	14	other				2067944	2			0
Sound	14	other				2091244	2			0
Sound	14	other				2114644	2			0
Sound	14	other				2138044	2			0
Sound	14	other				2161443	2			0
Sound	14	other				2184843	2			0
Sound	14	other				2208243	2			0
Sound	14	other				2231643	2			0
Sound	14	other				2255043	2			0
Sound	14	other				2278443	2			0
Sound	18	other				2301842	2			0
Sound	14	other				2324842	2			0
Sound	14	other				2348241	2			0
Sound	14	other				2371641	2			0
Sound	16	other				2395041	2			0
Sound	14	other				2418451	2			0
Sound	18	other				2441841	2			0
Sound	14	other				2465941	2			0
Sound	16	other				2489341	2			0
Sound	14	other				2512749	2			0
Sound	16	other				2536140	2			0
Sound	14	other				2559549	2			0
Sound	14	other				2582939	2			0
Sound	14	other				2606339	2			0
Sound	14	other				2629739	2			0
Sound	14	other				2653138	2			0
Sound	16	other				2676439	2			0
Sound	14	other				2699848	2			0
Sound	18	other				2723237	2			0
Sound	14	other				2745937	2			0
Sound	14	other				2769337	2			0
Sound	14	other				2792738	2			0
Sound	14	other				2816137	2			0
Sound	14	other				2839537	2			0
Sound	14	other				2862937	2			0
Sound	14	other				2886336	2			0
Sound	18	other				2909736	2			0
Sound	14	other				2933835	2			0
Sound	14	other				2957236	2			0
Sound	14	other				2980636	2			0
Sound	14	other				3004035	2			0
Sound	14	other				3027435	2			0
Sound	14	other				3050834	2			0
Sound	14	other				3074235	2			0
Sound	14	other				3097634	2			0
Sound	14	other				3121033	2			0
Sound	16	other				3144433	2			0
Sound	14	other				3167844	1			0
Sound	18	other				3191233	2			0
